{"/Users/uliadutcak/Documents/IT/React-study/src/app/action/findMovie.js": {"path":"/Users/uliadutcak/Documents/IT/React-study/src/app/action/findMovie.js","statementMap":{"0":{"start":{"line":6,"column":2},"end":{"line":30,"column":3}},"1":{"start":{"line":7,"column":4},"end":{"line":7,"column":36}},"2":{"start":{"line":9,"column":4},"end":{"line":29,"column":8}},"3":{"start":{"line":11,"column":7},"end":{"line":11,"column":22}},"4":{"start":{"line":12,"column":7},"end":{"line":12,"column":53}},"5":{"start":{"line":15,"column":9},"end":{"line":15,"column":36}},"6":{"start":{"line":16,"column":9},"end":{"line":16,"column":69}},"7":{"start":{"line":17,"column":9},"end":{"line":17,"column":69}},"8":{"start":{"line":20,"column":9},"end":{"line":23,"column":13}},"9":{"start":{"line":24,"column":9},"end":{"line":24,"column":42}},"10":{"start":{"line":27,"column":7},"end":{"line":27,"column":44}},"11":{"start":{"line":28,"column":7},"end":{"line":28,"column":40}}},"fnMap":{"0":{"name":"findMovie","decl":{"start":{"line":5,"column":16},"end":{"line":5,"column":25}},"loc":{"start":{"line":5,"column":34},"end":{"line":31,"column":1}},"line":5},"1":{"name":"(anonymous_1)","decl":{"start":{"line":6,"column":9},"end":{"line":6,"column":10}},"loc":{"start":{"line":6,"column":23},"end":{"line":30,"column":3}},"line":6},"2":{"name":"(anonymous_2)","decl":{"start":{"line":10,"column":11},"end":{"line":10,"column":12}},"loc":{"start":{"line":10,"column":28},"end":{"line":13,"column":6}},"line":10},"3":{"name":"(anonymous_3)","decl":{"start":{"line":14,"column":11},"end":{"line":14,"column":12}},"loc":{"start":{"line":14,"column":28},"end":{"line":18,"column":8}},"line":14},"4":{"name":"(anonymous_4)","decl":{"start":{"line":19,"column":13},"end":{"line":19,"column":14}},"loc":{"start":{"line":19,"column":28},"end":{"line":25,"column":8}},"line":19},"5":{"name":"(anonymous_5)","decl":{"start":{"line":26,"column":12},"end":{"line":26,"column":13}},"loc":{"start":{"line":26,"column":28},"end":{"line":29,"column":6}},"line":26}},"branchMap":{},"s":{"0":0,"1":0,"2":0,"3":0,"4":0,"5":0,"6":0,"7":0,"8":0,"9":0,"10":0,"11":0},"f":{"0":0,"1":0,"2":0,"3":0,"4":0,"5":0},"b":{},"_coverageSchema":"332fd63041d2c1bcb487cc26dd0d5f7d97098a6c","hash":"ef1d54312566716095b85b7ead96459ab768ca00"}
,"/Users/uliadutcak/Documents/IT/React-study/src/app/action/index.js": {"path":"/Users/uliadutcak/Documents/IT/React-study/src/app/action/index.js","statementMap":{},"fnMap":{},"branchMap":{},"s":{},"f":{},"b":{},"_coverageSchema":"332fd63041d2c1bcb487cc26dd0d5f7d97098a6c","hash":"7b6ec6d912d2967bd898fcc6e5e5b74ff67fbf85"}
,"/Users/uliadutcak/Documents/IT/React-study/src/app/action/searchByDirector.js": {"path":"/Users/uliadutcak/Documents/IT/React-study/src/app/action/searchByDirector.js","statementMap":{"0":{"start":{"line":6,"column":2},"end":{"line":17,"column":3}},"1":{"start":{"line":7,"column":4},"end":{"line":7,"column":37}},"2":{"start":{"line":8,"column":4},"end":{"line":16,"column":8}},"3":{"start":{"line":10,"column":7},"end":{"line":10,"column":41}},"4":{"start":{"line":11,"column":7},"end":{"line":11,"column":72}},"5":{"start":{"line":14,"column":7},"end":{"line":14,"column":44}},"6":{"start":{"line":15,"column":7},"end":{"line":15,"column":41}}},"fnMap":{"0":{"name":"searchByDirector","decl":{"start":{"line":5,"column":16},"end":{"line":5,"column":32}},"loc":{"start":{"line":5,"column":42},"end":{"line":18,"column":1}},"line":5},"1":{"name":"(anonymous_1)","decl":{"start":{"line":6,"column":9},"end":{"line":6,"column":10}},"loc":{"start":{"line":6,"column":23},"end":{"line":17,"column":3}},"line":6},"2":{"name":"(anonymous_2)","decl":{"start":{"line":9,"column":11},"end":{"line":9,"column":12}},"loc":{"start":{"line":9,"column":26},"end":{"line":12,"column":6}},"line":9},"3":{"name":"(anonymous_3)","decl":{"start":{"line":13,"column":12},"end":{"line":13,"column":13}},"loc":{"start":{"line":13,"column":28},"end":{"line":16,"column":6}},"line":13}},"branchMap":{},"s":{"0":0,"1":0,"2":0,"3":0,"4":0,"5":0,"6":0},"f":{"0":0,"1":0,"2":0,"3":0},"b":{},"_coverageSchema":"332fd63041d2c1bcb487cc26dd0d5f7d97098a6c","hash":"55bf09f0d6ed17b3dd8f31c4377390237058b383"}
,"/Users/uliadutcak/Documents/IT/React-study/src/app/action/searchByTitle.js": {"path":"/Users/uliadutcak/Documents/IT/React-study/src/app/action/searchByTitle.js","statementMap":{"0":{"start":{"line":5,"column":2},"end":{"line":16,"column":3}},"1":{"start":{"line":6,"column":4},"end":{"line":6,"column":37}},"2":{"start":{"line":7,"column":4},"end":{"line":15,"column":7}},"3":{"start":{"line":9,"column":6},"end":{"line":9,"column":43}},"4":{"start":{"line":10,"column":6},"end":{"line":10,"column":40}},"5":{"start":{"line":13,"column":6},"end":{"line":13,"column":43}},"6":{"start":{"line":14,"column":6},"end":{"line":14,"column":40}}},"fnMap":{"0":{"name":"searchByTitle","decl":{"start":{"line":4,"column":16},"end":{"line":4,"column":29}},"loc":{"start":{"line":4,"column":36},"end":{"line":17,"column":1}},"line":4},"1":{"name":"(anonymous_1)","decl":{"start":{"line":5,"column":9},"end":{"line":5,"column":10}},"loc":{"start":{"line":5,"column":23},"end":{"line":16,"column":3}},"line":5},"2":{"name":"(anonymous_2)","decl":{"start":{"line":8,"column":10},"end":{"line":8,"column":11}},"loc":{"start":{"line":8,"column":25},"end":{"line":11,"column":5}},"line":8},"3":{"name":"(anonymous_3)","decl":{"start":{"line":12,"column":11},"end":{"line":12,"column":12}},"loc":{"start":{"line":12,"column":27},"end":{"line":15,"column":5}},"line":12}},"branchMap":{},"s":{"0":0,"1":0,"2":0,"3":0,"4":0,"5":0,"6":0},"f":{"0":0,"1":0,"2":0,"3":0},"b":{},"_coverageSchema":"332fd63041d2c1bcb487cc26dd0d5f7d97098a6c","hash":"611aae8b70ccf848e0fb904404e7c99fcfb8c8e0"}
,"/Users/uliadutcak/Documents/IT/React-study/src/app/action/setLoadingMovie.js": {"path":"/Users/uliadutcak/Documents/IT/React-study/src/app/action/setLoadingMovie.js","statementMap":{"0":{"start":{"line":2,"column":2},"end":{"line":5,"column":3}}},"fnMap":{"0":{"name":"setLoadingMovie","decl":{"start":{"line":1,"column":16},"end":{"line":1,"column":31}},"loc":{"start":{"line":1,"column":37},"end":{"line":6,"column":1}},"line":1}},"branchMap":{},"s":{"0":1},"f":{"0":1},"b":{},"_coverageSchema":"332fd63041d2c1bcb487cc26dd0d5f7d97098a6c","hash":"c2c9096580c77f663aef47817e2ec2b7ad44c16a"}
,"/Users/uliadutcak/Documents/IT/React-study/src/app/action/setLoadingSearch.js": {"path":"/Users/uliadutcak/Documents/IT/React-study/src/app/action/setLoadingSearch.js","statementMap":{"0":{"start":{"line":2,"column":2},"end":{"line":5,"column":3}}},"fnMap":{"0":{"name":"setLoadingSearch","decl":{"start":{"line":1,"column":16},"end":{"line":1,"column":32}},"loc":{"start":{"line":1,"column":38},"end":{"line":6,"column":1}},"line":1}},"branchMap":{},"s":{"0":1},"f":{"0":1},"b":{},"_coverageSchema":"332fd63041d2c1bcb487cc26dd0d5f7d97098a6c","hash":"6c2145b5c1a095278507aca41fe20e4910003e32"}
,"/Users/uliadutcak/Documents/IT/React-study/src/app/action/setMovie.js": {"path":"/Users/uliadutcak/Documents/IT/React-study/src/app/action/setMovie.js","statementMap":{"0":{"start":{"line":2,"column":2},"end":{"line":5,"column":3}}},"fnMap":{"0":{"name":"setMovie","decl":{"start":{"line":1,"column":16},"end":{"line":1,"column":24}},"loc":{"start":{"line":1,"column":31},"end":{"line":6,"column":1}},"line":1}},"branchMap":{},"s":{"0":1},"f":{"0":1},"b":{},"_coverageSchema":"332fd63041d2c1bcb487cc26dd0d5f7d97098a6c","hash":"e6c49a45240789b68dd13ceb483d6a8b4f8c03df"}
,"/Users/uliadutcak/Documents/IT/React-study/src/app/action/setMovieList.js": {"path":"/Users/uliadutcak/Documents/IT/React-study/src/app/action/setMovieList.js","statementMap":{"0":{"start":{"line":2,"column":2},"end":{"line":5,"column":3}}},"fnMap":{"0":{"name":"setMovieList","decl":{"start":{"line":1,"column":16},"end":{"line":1,"column":28}},"loc":{"start":{"line":1,"column":35},"end":{"line":6,"column":1}},"line":1}},"branchMap":{},"s":{"0":1},"f":{"0":1},"b":{},"_coverageSchema":"332fd63041d2c1bcb487cc26dd0d5f7d97098a6c","hash":"a7b142597cf4076fb699c062772a2d53afa7f088"}
,"/Users/uliadutcak/Documents/IT/React-study/src/app/action/setSortBy.js": {"path":"/Users/uliadutcak/Documents/IT/React-study/src/app/action/setSortBy.js","statementMap":{"0":{"start":{"line":2,"column":2},"end":{"line":5,"column":3}}},"fnMap":{"0":{"name":"setSortBy","decl":{"start":{"line":1,"column":16},"end":{"line":1,"column":25}},"loc":{"start":{"line":1,"column":32},"end":{"line":6,"column":1}},"line":1}},"branchMap":{},"s":{"0":1},"f":{"0":1},"b":{},"_coverageSchema":"332fd63041d2c1bcb487cc26dd0d5f7d97098a6c","hash":"6244f93f5e32346926a20ef0a0c761cd1b710545"}
,"/Users/uliadutcak/Documents/IT/React-study/src/app/components/index.jsx": {"path":"/Users/uliadutcak/Documents/IT/React-study/src/app/components/index.jsx","statementMap":{},"fnMap":{},"branchMap":{},"s":{},"f":{},"b":{},"_coverageSchema":"332fd63041d2c1bcb487cc26dd0d5f7d97098a6c","hash":"1706d31612f3d436753372cc2670db6944c31115"}
,"/Users/uliadutcak/Documents/IT/React-study/src/app/components/Button/Button.jsx": {"path":"/Users/uliadutcak/Documents/IT/React-study/src/app/components/Button/Button.jsx","statementMap":{"0":{"start":{"line":8,"column":4},"end":{"line":8,"column":17}},"1":{"start":{"line":13,"column":24},"end":{"line":18,"column":5}},"2":{"start":{"line":20,"column":4},"end":{"line":50,"column":5}},"3":{"start":{"line":21,"column":6},"end":{"line":25,"column":8}},"4":{"start":{"line":26,"column":11},"end":{"line":50,"column":5}},"5":{"start":{"line":27,"column":6},"end":{"line":31,"column":8}},"6":{"start":{"line":32,"column":11},"end":{"line":50,"column":5}},"7":{"start":{"line":33,"column":6},"end":{"line":37,"column":8}},"8":{"start":{"line":38,"column":11},"end":{"line":50,"column":5}},"9":{"start":{"line":39,"column":6},"end":{"line":43,"column":8}},"10":{"start":{"line":45,"column":6},"end":{"line":49,"column":8}}},"fnMap":{"0":{"name":"(anonymous_0)","decl":{"start":{"line":7,"column":2},"end":{"line":7,"column":3}},"loc":{"start":{"line":7,"column":21},"end":{"line":9,"column":3}},"line":7},"1":{"name":"(anonymous_1)","decl":{"start":{"line":11,"column":2},"end":{"line":11,"column":3}},"loc":{"start":{"line":11,"column":11},"end":{"line":51,"column":3}},"line":11}},"branchMap":{"0":{"loc":{"start":{"line":20,"column":4},"end":{"line":50,"column":5}},"type":"if","locations":[{"start":{"line":20,"column":4},"end":{"line":50,"column":5}},{"start":{"line":20,"column":4},"end":{"line":50,"column":5}}],"line":20},"1":{"loc":{"start":{"line":20,"column":7},"end":{"line":20,"column":65}},"type":"binary-expr","locations":[{"start":{"line":20,"column":7},"end":{"line":20,"column":34}},{"start":{"line":20,"column":38},"end":{"line":20,"column":65}}],"line":20},"2":{"loc":{"start":{"line":26,"column":11},"end":{"line":50,"column":5}},"type":"if","locations":[{"start":{"line":26,"column":11},"end":{"line":50,"column":5}},{"start":{"line":26,"column":11},"end":{"line":50,"column":5}}],"line":26},"3":{"loc":{"start":{"line":32,"column":11},"end":{"line":50,"column":5}},"type":"if","locations":[{"start":{"line":32,"column":11},"end":{"line":50,"column":5}},{"start":{"line":32,"column":11},"end":{"line":50,"column":5}}],"line":32},"4":{"loc":{"start":{"line":38,"column":11},"end":{"line":50,"column":5}},"type":"if","locations":[{"start":{"line":38,"column":11},"end":{"line":50,"column":5}},{"start":{"line":38,"column":11},"end":{"line":50,"column":5}}],"line":38}},"s":{"0":6,"1":6,"2":6,"3":1,"4":5,"5":2,"6":3,"7":1,"8":2,"9":1,"10":1},"f":{"0":6,"1":6},"b":{"0":[1,5],"1":[6,5],"2":[2,3],"3":[1,2],"4":[1,1]},"_coverageSchema":"332fd63041d2c1bcb487cc26dd0d5f7d97098a6c","hash":"0cf19148aaefeefccb6a8ae330fc5405b245d4ad"}
,"/Users/uliadutcak/Documents/IT/React-study/src/app/components/Button/index.jsx": {"path":"/Users/uliadutcak/Documents/IT/React-study/src/app/components/Button/index.jsx","statementMap":{},"fnMap":{},"branchMap":{},"s":{},"f":{},"b":{},"_coverageSchema":"332fd63041d2c1bcb487cc26dd0d5f7d97098a6c","hash":"b4bccf9a91a2ea9e74c7580a517d661e701b7278"}
,"/Users/uliadutcak/Documents/IT/React-study/src/app/components/EmptySearch/EmptySearch.jsx": {"path":"/Users/uliadutcak/Documents/IT/React-study/src/app/components/EmptySearch/EmptySearch.jsx","statementMap":{"0":{"start":{"line":8,"column":4},"end":{"line":10,"column":6}}},"fnMap":{"0":{"name":"(anonymous_0)","decl":{"start":{"line":7,"column":2},"end":{"line":7,"column":3}},"loc":{"start":{"line":7,"column":11},"end":{"line":11,"column":3}},"line":7}},"branchMap":{},"s":{"0":1},"f":{"0":1},"b":{},"_coverageSchema":"332fd63041d2c1bcb487cc26dd0d5f7d97098a6c","hash":"2b8287eb5aaceb38a2fb6dabfc058e658ae6f97a"}
,"/Users/uliadutcak/Documents/IT/React-study/src/app/components/EmptySearch/index.jsx": {"path":"/Users/uliadutcak/Documents/IT/React-study/src/app/components/EmptySearch/index.jsx","statementMap":{},"fnMap":{},"branchMap":{},"s":{},"f":{},"b":{},"_coverageSchema":"332fd63041d2c1bcb487cc26dd0d5f7d97098a6c","hash":"430417df6c556fc344bb4a330160a7542613f3ac"}
,"/Users/uliadutcak/Documents/IT/React-study/src/app/components/Footer/Footer.jsx": {"path":"/Users/uliadutcak/Documents/IT/React-study/src/app/components/Footer/Footer.jsx","statementMap":{"0":{"start":{"line":10,"column":4},"end":{"line":10,"column":17}},"1":{"start":{"line":14,"column":4},"end":{"line":21,"column":6}}},"fnMap":{"0":{"name":"(anonymous_0)","decl":{"start":{"line":9,"column":2},"end":{"line":9,"column":3}},"loc":{"start":{"line":9,"column":21},"end":{"line":11,"column":3}},"line":9},"1":{"name":"(anonymous_1)","decl":{"start":{"line":13,"column":2},"end":{"line":13,"column":3}},"loc":{"start":{"line":13,"column":11},"end":{"line":22,"column":3}},"line":13}},"branchMap":{},"s":{"0":1,"1":1},"f":{"0":1,"1":1},"b":{},"_coverageSchema":"332fd63041d2c1bcb487cc26dd0d5f7d97098a6c","hash":"dc363f6a410ed34acd42e9742578725000562c1f"}
,"/Users/uliadutcak/Documents/IT/React-study/src/app/components/Footer/index.jsx": {"path":"/Users/uliadutcak/Documents/IT/React-study/src/app/components/Footer/index.jsx","statementMap":{},"fnMap":{},"branchMap":{},"s":{},"f":{},"b":{},"_coverageSchema":"332fd63041d2c1bcb487cc26dd0d5f7d97098a6c","hash":"f0767048e65b4c6e0374333d3874fcc5ff6969d3"}
,"/Users/uliadutcak/Documents/IT/React-study/src/app/components/Header/Header.jsx": {"path":"/Users/uliadutcak/Documents/IT/React-study/src/app/components/Header/Header.jsx","statementMap":{"0":{"start":{"line":9,"column":4},"end":{"line":9,"column":17}},"1":{"start":{"line":13,"column":4},"end":{"line":19,"column":6}}},"fnMap":{"0":{"name":"(anonymous_0)","decl":{"start":{"line":8,"column":2},"end":{"line":8,"column":3}},"loc":{"start":{"line":8,"column":21},"end":{"line":10,"column":3}},"line":8},"1":{"name":"(anonymous_1)","decl":{"start":{"line":12,"column":2},"end":{"line":12,"column":3}},"loc":{"start":{"line":12,"column":11},"end":{"line":20,"column":3}},"line":12}},"branchMap":{},"s":{"0":1,"1":1},"f":{"0":1,"1":1},"b":{},"_coverageSchema":"332fd63041d2c1bcb487cc26dd0d5f7d97098a6c","hash":"5397c1a1a40889e7e66b1358ed243857cb0a13d8"}
,"/Users/uliadutcak/Documents/IT/React-study/src/app/components/Header/index.jsx": {"path":"/Users/uliadutcak/Documents/IT/React-study/src/app/components/Header/index.jsx","statementMap":{},"fnMap":{},"branchMap":{},"s":{},"f":{},"b":{},"_coverageSchema":"332fd63041d2c1bcb487cc26dd0d5f7d97098a6c","hash":"04b235976cb83791175494056fc9f8d3da93e967"}
,"/Users/uliadutcak/Documents/IT/React-study/src/app/components/HeaderFooter/HeaderFooter.jsx": {"path":"/Users/uliadutcak/Documents/IT/React-study/src/app/components/HeaderFooter/HeaderFooter.jsx","statementMap":{"0":{"start":{"line":9,"column":4},"end":{"line":9,"column":17}},"1":{"start":{"line":13,"column":4},"end":{"line":19,"column":6}}},"fnMap":{"0":{"name":"(anonymous_0)","decl":{"start":{"line":8,"column":2},"end":{"line":8,"column":3}},"loc":{"start":{"line":8,"column":21},"end":{"line":10,"column":3}},"line":8},"1":{"name":"(anonymous_1)","decl":{"start":{"line":12,"column":2},"end":{"line":12,"column":3}},"loc":{"start":{"line":12,"column":11},"end":{"line":20,"column":3}},"line":12}},"branchMap":{},"s":{"0":1,"1":1},"f":{"0":1,"1":1},"b":{},"_coverageSchema":"332fd63041d2c1bcb487cc26dd0d5f7d97098a6c","hash":"15ead6f08bc0110741fa4537f0c699f714006092"}
,"/Users/uliadutcak/Documents/IT/React-study/src/app/components/HeaderFooter/index.jsx": {"path":"/Users/uliadutcak/Documents/IT/React-study/src/app/components/HeaderFooter/index.jsx","statementMap":{},"fnMap":{},"branchMap":{},"s":{},"f":{},"b":{},"_coverageSchema":"332fd63041d2c1bcb487cc26dd0d5f7d97098a6c","hash":"fc46d2ffd1a3d8ad35f783c12b42a3c3bb4961cb"}
,"/Users/uliadutcak/Documents/IT/React-study/src/app/components/HeaderNav/HeaderNav.jsx": {"path":"/Users/uliadutcak/Documents/IT/React-study/src/app/components/HeaderNav/HeaderNav.jsx","statementMap":{"0":{"start":{"line":10,"column":4},"end":{"line":10,"column":17}},"1":{"start":{"line":14,"column":4},"end":{"line":19,"column":6}}},"fnMap":{"0":{"name":"(anonymous_0)","decl":{"start":{"line":9,"column":2},"end":{"line":9,"column":3}},"loc":{"start":{"line":9,"column":21},"end":{"line":11,"column":3}},"line":9},"1":{"name":"(anonymous_1)","decl":{"start":{"line":13,"column":2},"end":{"line":13,"column":3}},"loc":{"start":{"line":13,"column":11},"end":{"line":20,"column":3}},"line":13}},"branchMap":{},"s":{"0":1,"1":1},"f":{"0":1,"1":1},"b":{},"_coverageSchema":"332fd63041d2c1bcb487cc26dd0d5f7d97098a6c","hash":"27344669e1dec701e7a3ba872401de00c6aee22c"}
,"/Users/uliadutcak/Documents/IT/React-study/src/app/components/HeaderNav/index.jsx": {"path":"/Users/uliadutcak/Documents/IT/React-study/src/app/components/HeaderNav/index.jsx","statementMap":{},"fnMap":{},"branchMap":{},"s":{},"f":{},"b":{},"_coverageSchema":"332fd63041d2c1bcb487cc26dd0d5f7d97098a6c","hash":"57102ee998106a84d507094fc95fcb37b6b10a41"}
,"/Users/uliadutcak/Documents/IT/React-study/src/app/components/Loader/Loader.jsx": {"path":"/Users/uliadutcak/Documents/IT/React-study/src/app/components/Loader/Loader.jsx","statementMap":{"0":{"start":{"line":7,"column":4},"end":{"line":9,"column":6}}},"fnMap":{"0":{"name":"(anonymous_0)","decl":{"start":{"line":6,"column":2},"end":{"line":6,"column":3}},"loc":{"start":{"line":6,"column":11},"end":{"line":10,"column":3}},"line":6}},"branchMap":{},"s":{"0":1},"f":{"0":1},"b":{},"_coverageSchema":"332fd63041d2c1bcb487cc26dd0d5f7d97098a6c","hash":"58f73ef103848b7311b9124bcf20ff01430534ff"}
,"/Users/uliadutcak/Documents/IT/React-study/src/app/components/Loader/index.jsx": {"path":"/Users/uliadutcak/Documents/IT/React-study/src/app/components/Loader/index.jsx","statementMap":{},"fnMap":{},"branchMap":{},"s":{},"f":{},"b":{},"_coverageSchema":"332fd63041d2c1bcb487cc26dd0d5f7d97098a6c","hash":"8cfeb5a1c4539c824ef686c9d8966a28b7d298ac"}
,"/Users/uliadutcak/Documents/IT/React-study/src/app/components/Logo/Logo.jsx": {"path":"/Users/uliadutcak/Documents/IT/React-study/src/app/components/Logo/Logo.jsx","statementMap":{"0":{"start":{"line":8,"column":4},"end":{"line":14,"column":6}}},"fnMap":{"0":{"name":"(anonymous_0)","decl":{"start":{"line":7,"column":2},"end":{"line":7,"column":3}},"loc":{"start":{"line":7,"column":11},"end":{"line":15,"column":3}},"line":7}},"branchMap":{},"s":{"0":1},"f":{"0":1},"b":{},"_coverageSchema":"332fd63041d2c1bcb487cc26dd0d5f7d97098a6c","hash":"cecd6e7bf578ce1170eb098dc79dae7fdbcaa637"}
,"/Users/uliadutcak/Documents/IT/React-study/src/app/components/Logo/index.jsx": {"path":"/Users/uliadutcak/Documents/IT/React-study/src/app/components/Logo/index.jsx","statementMap":{},"fnMap":{},"branchMap":{},"s":{},"f":{},"b":{},"_coverageSchema":"332fd63041d2c1bcb487cc26dd0d5f7d97098a6c","hash":"e32cf7218822ddfe26dedf1a0f44bedbc8efdd05"}
,"/Users/uliadutcak/Documents/IT/React-study/src/app/components/MovieBox/MovieBox.jsx": {"path":"/Users/uliadutcak/Documents/IT/React-study/src/app/components/MovieBox/MovieBox.jsx","statementMap":{"0":{"start":{"line":9,"column":4},"end":{"line":9,"column":17}},"1":{"start":{"line":10,"column":4},"end":{"line":10,"column":19}},"2":{"start":{"line":14,"column":16},"end":{"line":14,"column":32}},"3":{"start":{"line":15,"column":25},"end":{"line":15,"column":58}},"4":{"start":{"line":16,"column":20},"end":{"line":16,"column":77}},"5":{"start":{"line":17,"column":4},"end":{"line":52,"column":6}},"6":{"start":{"line":33,"column":40},"end":{"line":33,"column":79}},"7":{"start":{"line":43,"column":42},"end":{"line":43,"column":89}},"8":{"start":{"line":46,"column":40},"end":{"line":46,"column":92}},"9":{"start":{"line":58,"column":2},"end":{"line":60,"column":3}}},"fnMap":{"0":{"name":"(anonymous_0)","decl":{"start":{"line":8,"column":2},"end":{"line":8,"column":3}},"loc":{"start":{"line":8,"column":21},"end":{"line":11,"column":3}},"line":8},"1":{"name":"(anonymous_1)","decl":{"start":{"line":13,"column":2},"end":{"line":13,"column":3}},"loc":{"start":{"line":13,"column":11},"end":{"line":53,"column":3}},"line":13},"2":{"name":"(anonymous_2)","decl":{"start":{"line":33,"column":32},"end":{"line":33,"column":33}},"loc":{"start":{"line":33,"column":40},"end":{"line":33,"column":79}},"line":33},"3":{"name":"(anonymous_3)","decl":{"start":{"line":43,"column":34},"end":{"line":43,"column":35}},"loc":{"start":{"line":43,"column":42},"end":{"line":43,"column":89}},"line":43},"4":{"name":"(anonymous_4)","decl":{"start":{"line":46,"column":32},"end":{"line":46,"column":33}},"loc":{"start":{"line":46,"column":40},"end":{"line":46,"column":92}},"line":46},"5":{"name":"mapProps","decl":{"start":{"line":57,"column":9},"end":{"line":57,"column":17}},"loc":{"start":{"line":57,"column":25},"end":{"line":61,"column":1}},"line":57}},"branchMap":{"0":{"loc":{"start":{"line":16,"column":20},"end":{"line":16,"column":77}},"type":"cond-expr","locations":[{"start":{"line":16,"column":40},"end":{"line":16,"column":72}},{"start":{"line":16,"column":75},"end":{"line":16,"column":77}}],"line":16}},"s":{"0":1,"1":1,"2":1,"3":1,"4":1,"5":1,"6":2,"7":2,"8":2,"9":0},"f":{"0":1,"1":1,"2":2,"3":2,"4":2,"5":0},"b":{"0":[1,0]},"_coverageSchema":"332fd63041d2c1bcb487cc26dd0d5f7d97098a6c","hash":"7e3ddb57b129d3a80b46f613013ab236ebfc752c"}
,"/Users/uliadutcak/Documents/IT/React-study/src/app/components/MovieBox/index.jsx": {"path":"/Users/uliadutcak/Documents/IT/React-study/src/app/components/MovieBox/index.jsx","statementMap":{},"fnMap":{},"branchMap":{},"s":{},"f":{},"b":{},"_coverageSchema":"332fd63041d2c1bcb487cc26dd0d5f7d97098a6c","hash":"2f2500c9adbde75df5a2a047a706b8cbd4567159"}
,"/Users/uliadutcak/Documents/IT/React-study/src/app/components/MovieInfo/MovieInfo.jsx": {"path":"/Users/uliadutcak/Documents/IT/React-study/src/app/components/MovieInfo/MovieInfo.jsx","statementMap":{"0":{"start":{"line":7,"column":4},"end":{"line":7,"column":17}},"1":{"start":{"line":11,"column":4},"end":{"line":16,"column":6}},"2":{"start":{"line":14,"column":42},"end":{"line":14,"column":88}},"3":{"start":{"line":22,"column":2},"end":{"line":24,"column":3}}},"fnMap":{"0":{"name":"(anonymous_0)","decl":{"start":{"line":6,"column":2},"end":{"line":6,"column":3}},"loc":{"start":{"line":6,"column":21},"end":{"line":8,"column":3}},"line":6},"1":{"name":"(anonymous_1)","decl":{"start":{"line":10,"column":2},"end":{"line":10,"column":3}},"loc":{"start":{"line":10,"column":11},"end":{"line":17,"column":3}},"line":10},"2":{"name":"(anonymous_2)","decl":{"start":{"line":14,"column":34},"end":{"line":14,"column":35}},"loc":{"start":{"line":14,"column":42},"end":{"line":14,"column":88}},"line":14},"3":{"name":"mapProps","decl":{"start":{"line":21,"column":9},"end":{"line":21,"column":17}},"loc":{"start":{"line":21,"column":25},"end":{"line":25,"column":1}},"line":21}},"branchMap":{},"s":{"0":1,"1":1,"2":3,"3":0},"f":{"0":1,"1":1,"2":3,"3":0},"b":{},"_coverageSchema":"332fd63041d2c1bcb487cc26dd0d5f7d97098a6c","hash":"61ec88d55940c29af27f8b34ff6e78ad585b5ceb"}
,"/Users/uliadutcak/Documents/IT/React-study/src/app/components/MovieInfo/index.jsx": {"path":"/Users/uliadutcak/Documents/IT/React-study/src/app/components/MovieInfo/index.jsx","statementMap":{},"fnMap":{},"branchMap":{},"s":{},"f":{},"b":{},"_coverageSchema":"332fd63041d2c1bcb487cc26dd0d5f7d97098a6c","hash":"9a90355fe7221f10fbdb4c2da835cfc7d198b4a5"}
,"/Users/uliadutcak/Documents/IT/React-study/src/app/components/MovieItem/MovieItem.jsx": {"path":"/Users/uliadutcak/Documents/IT/React-study/src/app/components/MovieItem/MovieItem.jsx","statementMap":{"0":{"start":{"line":10,"column":4},"end":{"line":10,"column":17}},"1":{"start":{"line":12,"column":4},"end":{"line":12,"column":19}},"2":{"start":{"line":16,"column":16},"end":{"line":16,"column":32}},"3":{"start":{"line":17,"column":25},"end":{"line":17,"column":58}},"4":{"start":{"line":18,"column":20},"end":{"line":18,"column":77}},"5":{"start":{"line":19,"column":19},"end":{"line":19,"column":60}},"6":{"start":{"line":20,"column":4},"end":{"line":33,"column":6}}},"fnMap":{"0":{"name":"(anonymous_0)","decl":{"start":{"line":9,"column":2},"end":{"line":9,"column":3}},"loc":{"start":{"line":9,"column":21},"end":{"line":13,"column":3}},"line":9},"1":{"name":"(anonymous_1)","decl":{"start":{"line":15,"column":2},"end":{"line":15,"column":3}},"loc":{"start":{"line":15,"column":11},"end":{"line":34,"column":3}},"line":15}},"branchMap":{"0":{"loc":{"start":{"line":18,"column":20},"end":{"line":18,"column":77}},"type":"cond-expr","locations":[{"start":{"line":18,"column":40},"end":{"line":18,"column":72}},{"start":{"line":18,"column":75},"end":{"line":18,"column":77}}],"line":18}},"s":{"0":1,"1":1,"2":1,"3":1,"4":1,"5":1,"6":1},"f":{"0":1,"1":1},"b":{"0":[1,0]},"_coverageSchema":"332fd63041d2c1bcb487cc26dd0d5f7d97098a6c","hash":"565bd5423fc5746eb42be7f54931b5e702650d81"}
,"/Users/uliadutcak/Documents/IT/React-study/src/app/components/MovieItem/index.jsx": {"path":"/Users/uliadutcak/Documents/IT/React-study/src/app/components/MovieItem/index.jsx","statementMap":{},"fnMap":{},"branchMap":{},"s":{},"f":{},"b":{},"_coverageSchema":"332fd63041d2c1bcb487cc26dd0d5f7d97098a6c","hash":"759ee8054f7a7f2dfd61990afe9221765b2ec816"}
,"/Users/uliadutcak/Documents/IT/React-study/src/app/components/MoviesList/MoviesList.jsx": {"path":"/Users/uliadutcak/Documents/IT/React-study/src/app/components/MoviesList/MoviesList.jsx","statementMap":{"0":{"start":{"line":9,"column":4},"end":{"line":9,"column":17}},"1":{"start":{"line":13,"column":17},"end":{"line":13,"column":42}},"2":{"start":{"line":14,"column":23},"end":{"line":16,"column":5}},"3":{"start":{"line":15,"column":6},"end":{"line":15,"column":59}},"4":{"start":{"line":17,"column":4},"end":{"line":21,"column":6}}},"fnMap":{"0":{"name":"(anonymous_0)","decl":{"start":{"line":8,"column":2},"end":{"line":8,"column":3}},"loc":{"start":{"line":8,"column":21},"end":{"line":10,"column":3}},"line":8},"1":{"name":"(anonymous_1)","decl":{"start":{"line":12,"column":2},"end":{"line":12,"column":3}},"loc":{"start":{"line":12,"column":11},"end":{"line":22,"column":3}},"line":12},"2":{"name":"(anonymous_2)","decl":{"start":{"line":14,"column":34},"end":{"line":14,"column":35}},"loc":{"start":{"line":15,"column":6},"end":{"line":15,"column":59}},"line":15}},"branchMap":{"0":{"loc":{"start":{"line":13,"column":17},"end":{"line":13,"column":42}},"type":"binary-expr","locations":[{"start":{"line":13,"column":17},"end":{"line":13,"column":34}},{"start":{"line":13,"column":38},"end":{"line":13,"column":42}}],"line":13}},"s":{"0":1,"1":1,"2":1,"3":3,"4":1},"f":{"0":1,"1":1,"2":3},"b":{"0":[1,0]},"_coverageSchema":"332fd63041d2c1bcb487cc26dd0d5f7d97098a6c","hash":"52e698113914b08b919b3da95a282cfd0688b0e0"}
,"/Users/uliadutcak/Documents/IT/React-study/src/app/components/MoviesList/index.jsx": {"path":"/Users/uliadutcak/Documents/IT/React-study/src/app/components/MoviesList/index.jsx","statementMap":{},"fnMap":{},"branchMap":{},"s":{},"f":{},"b":{},"_coverageSchema":"332fd63041d2c1bcb487cc26dd0d5f7d97098a6c","hash":"bb0a2b7e17143268771f61ce458556bb5c585515"}
,"/Users/uliadutcak/Documents/IT/React-study/src/app/components/NavMenu/NavMenu.jsx": {"path":"/Users/uliadutcak/Documents/IT/React-study/src/app/components/NavMenu/NavMenu.jsx","statementMap":{"0":{"start":{"line":9,"column":4},"end":{"line":9,"column":17}},"1":{"start":{"line":14,"column":17},"end":{"line":14,"column":32}},"2":{"start":{"line":15,"column":21},"end":{"line":19,"column":5}},"3":{"start":{"line":16,"column":6},"end":{"line":18,"column":11}},"4":{"start":{"line":20,"column":4},"end":{"line":24,"column":6}}},"fnMap":{"0":{"name":"(anonymous_0)","decl":{"start":{"line":8,"column":2},"end":{"line":8,"column":3}},"loc":{"start":{"line":8,"column":21},"end":{"line":11,"column":3}},"line":8},"1":{"name":"(anonymous_1)","decl":{"start":{"line":13,"column":2},"end":{"line":13,"column":3}},"loc":{"start":{"line":13,"column":11},"end":{"line":25,"column":3}},"line":13},"2":{"name":"(anonymous_2)","decl":{"start":{"line":15,"column":30},"end":{"line":15,"column":31}},"loc":{"start":{"line":16,"column":6},"end":{"line":18,"column":11}},"line":16}},"branchMap":{},"s":{"0":1,"1":1,"2":1,"3":1,"4":1},"f":{"0":1,"1":1,"2":1},"b":{},"_coverageSchema":"332fd63041d2c1bcb487cc26dd0d5f7d97098a6c","hash":"221eda4f8bd3ac009cbec1107d243791b7442e2a"}
,"/Users/uliadutcak/Documents/IT/React-study/src/app/components/NavMenu/index.jsx": {"path":"/Users/uliadutcak/Documents/IT/React-study/src/app/components/NavMenu/index.jsx","statementMap":{},"fnMap":{},"branchMap":{},"s":{},"f":{},"b":{},"_coverageSchema":"332fd63041d2c1bcb487cc26dd0d5f7d97098a6c","hash":"77d13ab8fc074a28a9972f1b548bc3d3567126cd"}
,"/Users/uliadutcak/Documents/IT/React-study/src/app/components/SearchBox/SearchBox.jsx": {"path":"/Users/uliadutcak/Documents/IT/React-study/src/app/components/SearchBox/SearchBox.jsx","statementMap":{"0":{"start":{"line":8,"column":25},"end":{"line":13,"column":1}},"1":{"start":{"line":9,"column":2},"end":{"line":12,"column":11}},"2":{"start":{"line":17,"column":4},"end":{"line":17,"column":17}},"3":{"start":{"line":22,"column":16},"end":{"line":22,"column":18}},"4":{"start":{"line":23,"column":18},"end":{"line":23,"column":23}},"5":{"start":{"line":25,"column":4},"end":{"line":27,"column":5}},"6":{"start":{"line":26,"column":6},"end":{"line":26,"column":21}},"7":{"start":{"line":29,"column":4},"end":{"line":36,"column":5}},"8":{"start":{"line":30,"column":6},"end":{"line":30,"column":39}},"9":{"start":{"line":32,"column":6},"end":{"line":35,"column":8}},"10":{"start":{"line":41,"column":29},"end":{"line":41,"column":39}},"11":{"start":{"line":42,"column":4},"end":{"line":69,"column":6}}},"fnMap":{"0":{"name":"(anonymous_0)","decl":{"start":{"line":8,"column":25},"end":{"line":8,"column":26}},"loc":{"start":{"line":9,"column":2},"end":{"line":12,"column":11}},"line":9},"1":{"name":"(anonymous_1)","decl":{"start":{"line":16,"column":2},"end":{"line":16,"column":3}},"loc":{"start":{"line":16,"column":21},"end":{"line":18,"column":3}},"line":16},"2":{"name":"(anonymous_2)","decl":{"start":{"line":20,"column":2},"end":{"line":20,"column":3}},"loc":{"start":{"line":20,"column":39},"end":{"line":38,"column":3}},"line":20},"3":{"name":"(anonymous_3)","decl":{"start":{"line":40,"column":2},"end":{"line":40,"column":3}},"loc":{"start":{"line":40,"column":11},"end":{"line":70,"column":3}},"line":40}},"branchMap":{"0":{"loc":{"start":{"line":9,"column":32},"end":{"line":9,"column":72}},"type":"cond-expr","locations":[{"start":{"line":9,"column":48},"end":{"line":9,"column":57}},{"start":{"line":9,"column":60},"end":{"line":9,"column":72}}],"line":9},"1":{"loc":{"start":{"line":20,"column":10},"end":{"line":20,"column":23}},"type":"default-arg","locations":[{"start":{"line":20,"column":21},"end":{"line":20,"column":23}}],"line":20},"2":{"loc":{"start":{"line":20,"column":25},"end":{"line":20,"column":36}},"type":"default-arg","locations":[{"start":{"line":20,"column":34},"end":{"line":20,"column":36}}],"line":20},"3":{"loc":{"start":{"line":25,"column":4},"end":{"line":27,"column":5}},"type":"if","locations":[{"start":{"line":25,"column":4},"end":{"line":27,"column":5}},{"start":{"line":25,"column":4},"end":{"line":27,"column":5}}],"line":25},"4":{"loc":{"start":{"line":25,"column":7},"end":{"line":25,"column":57}},"type":"binary-expr","locations":[{"start":{"line":25,"column":7},"end":{"line":25,"column":31}},{"start":{"line":25,"column":35},"end":{"line":25,"column":57}}],"line":25},"5":{"loc":{"start":{"line":29,"column":4},"end":{"line":36,"column":5}},"type":"if","locations":[{"start":{"line":29,"column":4},"end":{"line":36,"column":5}},{"start":{"line":29,"column":4},"end":{"line":36,"column":5}}],"line":29}},"s":{"0":3,"1":0,"2":0,"3":0,"4":0,"5":0,"6":0,"7":0,"8":0,"9":0,"10":0,"11":0},"f":{"0":0,"1":0,"2":0,"3":0},"b":{"0":[0,0],"1":[0],"2":[0],"3":[0,0],"4":[0,0],"5":[0,0]},"_coverageSchema":"332fd63041d2c1bcb487cc26dd0d5f7d97098a6c","hash":"348339bbbc62b30adbedfa4ba7d6244aa2093a2e"}
,"/Users/uliadutcak/Documents/IT/React-study/src/app/components/SearchBox/index.jsx": {"path":"/Users/uliadutcak/Documents/IT/React-study/src/app/components/SearchBox/index.jsx","statementMap":{},"fnMap":{},"branchMap":{},"s":{},"f":{},"b":{},"_coverageSchema":"332fd63041d2c1bcb487cc26dd0d5f7d97098a6c","hash":"e24587d5435029067cc37b6800a607c447e15852"}
,"/Users/uliadutcak/Documents/IT/React-study/src/app/components/SearchNav/SearchNav.jsx": {"path":"/Users/uliadutcak/Documents/IT/React-study/src/app/components/SearchNav/SearchNav.jsx","statementMap":{"0":{"start":{"line":8,"column":4},"end":{"line":8,"column":17}},"1":{"start":{"line":12,"column":4},"end":{"line":16,"column":6}}},"fnMap":{"0":{"name":"(anonymous_0)","decl":{"start":{"line":7,"column":2},"end":{"line":7,"column":3}},"loc":{"start":{"line":7,"column":21},"end":{"line":9,"column":3}},"line":7},"1":{"name":"(anonymous_1)","decl":{"start":{"line":11,"column":2},"end":{"line":11,"column":3}},"loc":{"start":{"line":11,"column":11},"end":{"line":17,"column":3}},"line":11}},"branchMap":{},"s":{"0":1,"1":1},"f":{"0":1,"1":1},"b":{},"_coverageSchema":"332fd63041d2c1bcb487cc26dd0d5f7d97098a6c","hash":"15cd86798ae43318111309e7c436aad92440c2bb"}
,"/Users/uliadutcak/Documents/IT/React-study/src/app/components/SearchNav/index.jsx": {"path":"/Users/uliadutcak/Documents/IT/React-study/src/app/components/SearchNav/index.jsx","statementMap":{},"fnMap":{},"branchMap":{},"s":{},"f":{},"b":{},"_coverageSchema":"332fd63041d2c1bcb487cc26dd0d5f7d97098a6c","hash":"37ef0b5c9214daa63abd6564f859700243fd6c10"}
,"/Users/uliadutcak/Documents/IT/React-study/src/app/components/SearchResult/SearchResult.jsx": {"path":"/Users/uliadutcak/Documents/IT/React-study/src/app/components/SearchResult/SearchResult.jsx","statementMap":{"0":{"start":{"line":8,"column":4},"end":{"line":8,"column":17}},"1":{"start":{"line":13,"column":4},"end":{"line":19,"column":6}}},"fnMap":{"0":{"name":"(anonymous_0)","decl":{"start":{"line":7,"column":2},"end":{"line":7,"column":3}},"loc":{"start":{"line":7,"column":21},"end":{"line":10,"column":3}},"line":7},"1":{"name":"(anonymous_1)","decl":{"start":{"line":12,"column":2},"end":{"line":12,"column":3}},"loc":{"start":{"line":12,"column":11},"end":{"line":20,"column":3}},"line":12}},"branchMap":{},"s":{"0":1,"1":1},"f":{"0":1,"1":1},"b":{},"_coverageSchema":"332fd63041d2c1bcb487cc26dd0d5f7d97098a6c","hash":"e3c6889f2e6e45034f1897347520a6bfdefad805"}
,"/Users/uliadutcak/Documents/IT/React-study/src/app/components/SearchResult/index.jsx": {"path":"/Users/uliadutcak/Documents/IT/React-study/src/app/components/SearchResult/index.jsx","statementMap":{},"fnMap":{},"branchMap":{},"s":{},"f":{},"b":{},"_coverageSchema":"332fd63041d2c1bcb487cc26dd0d5f7d97098a6c","hash":"c61474874e9e584c2a099bc772cd20541f4a7b30"}
,"/Users/uliadutcak/Documents/IT/React-study/src/app/components/SearchSort/SearchSort.jsx": {"path":"/Users/uliadutcak/Documents/IT/React-study/src/app/components/SearchSort/SearchSort.jsx","statementMap":{"0":{"start":{"line":10,"column":4},"end":{"line":10,"column":17}},"1":{"start":{"line":12,"column":4},"end":{"line":12,"column":63}},"2":{"start":{"line":16,"column":17},"end":{"line":16,"column":29}},"3":{"start":{"line":17,"column":16},"end":{"line":17,"column":28}},"4":{"start":{"line":18,"column":4},"end":{"line":18,"column":32}},"5":{"start":{"line":22,"column":4},"end":{"line":42,"column":6}},"6":{"start":{"line":47,"column":16},"end":{"line":49,"column":1}},"7":{"start":{"line":52,"column":2},"end":{"line":54,"column":3}}},"fnMap":{"0":{"name":"(anonymous_0)","decl":{"start":{"line":9,"column":2},"end":{"line":9,"column":3}},"loc":{"start":{"line":9,"column":21},"end":{"line":13,"column":3}},"line":9},"1":{"name":"(anonymous_1)","decl":{"start":{"line":15,"column":2},"end":{"line":15,"column":3}},"loc":{"start":{"line":15,"column":27},"end":{"line":19,"column":3}},"line":15},"2":{"name":"(anonymous_2)","decl":{"start":{"line":21,"column":2},"end":{"line":21,"column":3}},"loc":{"start":{"line":21,"column":11},"end":{"line":43,"column":3}},"line":21},"3":{"name":"mapProps","decl":{"start":{"line":51,"column":9},"end":{"line":51,"column":17}},"loc":{"start":{"line":51,"column":25},"end":{"line":55,"column":1}},"line":51}},"branchMap":{"0":{"loc":{"start":{"line":25,"column":28},"end":{"line":25,"column":84}},"type":"cond-expr","locations":[{"start":{"line":25,"column":66},"end":{"line":25,"column":79}},{"start":{"line":25,"column":82},"end":{"line":25,"column":84}}],"line":25},"1":{"loc":{"start":{"line":33,"column":28},"end":{"line":33,"column":84}},"type":"cond-expr","locations":[{"start":{"line":33,"column":66},"end":{"line":33,"column":79}},{"start":{"line":33,"column":82},"end":{"line":33,"column":84}}],"line":33}},"s":{"0":1,"1":1,"2":0,"3":0,"4":0,"5":1,"6":3,"7":0},"f":{"0":1,"1":0,"2":1,"3":0},"b":{"0":[0,1],"1":[0,1]},"_coverageSchema":"332fd63041d2c1bcb487cc26dd0d5f7d97098a6c","hash":"b272ee57cd0e6fbfe4bf312292b45ec11345357d"}
,"/Users/uliadutcak/Documents/IT/React-study/src/app/components/SearchSort/index.jsx": {"path":"/Users/uliadutcak/Documents/IT/React-study/src/app/components/SearchSort/index.jsx","statementMap":{},"fnMap":{},"branchMap":{},"s":{},"f":{},"b":{},"_coverageSchema":"332fd63041d2c1bcb487cc26dd0d5f7d97098a6c","hash":"54629d19fcfd9c43f8341d789170c99ebe1de266"}
,"/Users/uliadutcak/Documents/IT/React-study/src/app/components/SearchSum/SearchSum.jsx": {"path":"/Users/uliadutcak/Documents/IT/React-study/src/app/components/SearchSum/SearchSum.jsx","statementMap":{"0":{"start":{"line":7,"column":4},"end":{"line":7,"column":17}},"1":{"start":{"line":11,"column":18},"end":{"line":11,"column":108}},"2":{"start":{"line":12,"column":4},"end":{"line":16,"column":6}},"3":{"start":{"line":22,"column":2},"end":{"line":24,"column":3}}},"fnMap":{"0":{"name":"(anonymous_0)","decl":{"start":{"line":6,"column":2},"end":{"line":6,"column":3}},"loc":{"start":{"line":6,"column":21},"end":{"line":8,"column":3}},"line":6},"1":{"name":"(anonymous_1)","decl":{"start":{"line":10,"column":2},"end":{"line":10,"column":3}},"loc":{"start":{"line":10,"column":11},"end":{"line":17,"column":3}},"line":10},"2":{"name":"mapProps","decl":{"start":{"line":21,"column":9},"end":{"line":21,"column":17}},"loc":{"start":{"line":21,"column":25},"end":{"line":25,"column":1}},"line":21}},"branchMap":{"0":{"loc":{"start":{"line":11,"column":18},"end":{"line":11,"column":108}},"type":"cond-expr","locations":[{"start":{"line":11,"column":52},"end":{"line":11,"column":101}},{"start":{"line":11,"column":104},"end":{"line":11,"column":108}}],"line":11}},"s":{"0":1,"1":1,"2":1,"3":0},"f":{"0":1,"1":1,"2":0},"b":{"0":[1,0]},"_coverageSchema":"332fd63041d2c1bcb487cc26dd0d5f7d97098a6c","hash":"67cebe344a2976ee0350033ecc0859c3b7fa198b"}
,"/Users/uliadutcak/Documents/IT/React-study/src/app/components/SearchSum/index.jsx": {"path":"/Users/uliadutcak/Documents/IT/React-study/src/app/components/SearchSum/index.jsx","statementMap":{},"fnMap":{},"branchMap":{},"s":{},"f":{},"b":{},"_coverageSchema":"332fd63041d2c1bcb487cc26dd0d5f7d97098a6c","hash":"9bbf2724ecc2f5e7f6b37aee41109e18a07fc5b2"}
,"/Users/uliadutcak/Documents/IT/React-study/src/app/components/Wrapper/Wrapper.jsx": {"path":"/Users/uliadutcak/Documents/IT/React-study/src/app/components/Wrapper/Wrapper.jsx","statementMap":{"0":{"start":{"line":7,"column":4},"end":{"line":7,"column":17}},"1":{"start":{"line":11,"column":4},"end":{"line":15,"column":6}}},"fnMap":{"0":{"name":"(anonymous_0)","decl":{"start":{"line":6,"column":2},"end":{"line":6,"column":3}},"loc":{"start":{"line":6,"column":21},"end":{"line":8,"column":3}},"line":6},"1":{"name":"(anonymous_1)","decl":{"start":{"line":10,"column":2},"end":{"line":10,"column":3}},"loc":{"start":{"line":10,"column":11},"end":{"line":16,"column":3}},"line":10}},"branchMap":{},"s":{"0":1,"1":1},"f":{"0":1,"1":1},"b":{},"_coverageSchema":"332fd63041d2c1bcb487cc26dd0d5f7d97098a6c","hash":"67ae0f7ba2407a5aab4c06f187a0b1b0e5e38382"}
,"/Users/uliadutcak/Documents/IT/React-study/src/app/components/Wrapper/index.jsx": {"path":"/Users/uliadutcak/Documents/IT/React-study/src/app/components/Wrapper/index.jsx","statementMap":{},"fnMap":{},"branchMap":{},"s":{},"f":{},"b":{},"_coverageSchema":"332fd63041d2c1bcb487cc26dd0d5f7d97098a6c","hash":"d742d6531ccf6864ea6b9990c316ff68b3f3ac35"}
,"/Users/uliadutcak/Documents/IT/React-study/src/app/pages/MoviePage.jsx": {"path":"/Users/uliadutcak/Documents/IT/React-study/src/app/pages/MoviePage.jsx","statementMap":{"0":{"start":{"line":21,"column":4},"end":{"line":21,"column":17}},"1":{"start":{"line":22,"column":4},"end":{"line":22,"column":19}},"2":{"start":{"line":26,"column":4},"end":{"line":26,"column":34}},"3":{"start":{"line":30,"column":4},"end":{"line":30,"column":53}},"4":{"start":{"line":34,"column":4},"end":{"line":36,"column":5}},"5":{"start":{"line":35,"column":6},"end":{"line":35,"column":54}},"6":{"start":{"line":40,"column":4},"end":{"line":56,"column":6}},"7":{"start":{"line":62,"column":2},"end":{"line":64,"column":3}},"8":{"start":{"line":63,"column":30},"end":{"line":63,"column":57}},"9":{"start":{"line":68,"column":2},"end":{"line":71,"column":3}}},"fnMap":{"0":{"name":"(anonymous_0)","decl":{"start":{"line":20,"column":2},"end":{"line":20,"column":3}},"loc":{"start":{"line":20,"column":21},"end":{"line":23,"column":3}},"line":20},"1":{"name":"(anonymous_1)","decl":{"start":{"line":25,"column":2},"end":{"line":25,"column":3}},"loc":{"start":{"line":25,"column":26},"end":{"line":27,"column":3}},"line":25},"2":{"name":"(anonymous_2)","decl":{"start":{"line":29,"column":2},"end":{"line":29,"column":3}},"loc":{"start":{"line":29,"column":22},"end":{"line":31,"column":3}},"line":29},"3":{"name":"(anonymous_3)","decl":{"start":{"line":33,"column":2},"end":{"line":33,"column":3}},"loc":{"start":{"line":33,"column":39},"end":{"line":37,"column":3}},"line":33},"4":{"name":"(anonymous_4)","decl":{"start":{"line":39,"column":2},"end":{"line":39,"column":3}},"loc":{"start":{"line":39,"column":11},"end":{"line":57,"column":3}},"line":39},"5":{"name":"actions","decl":{"start":{"line":61,"column":9},"end":{"line":61,"column":16}},"loc":{"start":{"line":61,"column":26},"end":{"line":65,"column":1}},"line":61},"6":{"name":"(anonymous_6)","decl":{"start":{"line":63,"column":15},"end":{"line":63,"column":16}},"loc":{"start":{"line":63,"column":30},"end":{"line":63,"column":57}},"line":63},"7":{"name":"mapProps","decl":{"start":{"line":67,"column":9},"end":{"line":67,"column":17}},"loc":{"start":{"line":67,"column":25},"end":{"line":72,"column":1}},"line":67}},"branchMap":{"0":{"loc":{"start":{"line":34,"column":4},"end":{"line":36,"column":5}},"type":"if","locations":[{"start":{"line":34,"column":4},"end":{"line":36,"column":5}},{"start":{"line":34,"column":4},"end":{"line":36,"column":5}}],"line":34},"1":{"loc":{"start":{"line":46,"column":12},"end":{"line":46,"column":97}},"type":"cond-expr","locations":[{"start":{"line":46,"column":42},"end":{"line":46,"column":53}},{"start":{"line":46,"column":58},"end":{"line":46,"column":96}}],"line":46},"2":{"loc":{"start":{"line":46,"column":58},"end":{"line":46,"column":96}},"type":"cond-expr","locations":[{"start":{"line":46,"column":81},"end":{"line":46,"column":91}},{"start":{"line":46,"column":94},"end":{"line":46,"column":96}}],"line":46},"3":{"loc":{"start":{"line":49,"column":12},"end":{"line":49,"column":98}},"type":"cond-expr","locations":[{"start":{"line":49,"column":42},"end":{"line":49,"column":54}},{"start":{"line":49,"column":59},"end":{"line":49,"column":97}}],"line":49},"4":{"loc":{"start":{"line":49,"column":59},"end":{"line":49,"column":97}},"type":"cond-expr","locations":[{"start":{"line":49,"column":82},"end":{"line":49,"column":92}},{"start":{"line":49,"column":95},"end":{"line":49,"column":97}}],"line":49},"5":{"loc":{"start":{"line":52,"column":11},"end":{"line":52,"column":138}},"type":"cond-expr","locations":[{"start":{"line":52,"column":40},"end":{"line":52,"column":95}},{"start":{"line":52,"column":99},"end":{"line":52,"column":137}}],"line":52},"6":{"loc":{"start":{"line":52,"column":99},"end":{"line":52,"column":137}},"type":"cond-expr","locations":[{"start":{"line":52,"column":122},"end":{"line":52,"column":132}},{"start":{"line":52,"column":135},"end":{"line":52,"column":137}}],"line":52}},"s":{"0":1,"1":1,"2":1,"3":1,"4":0,"5":0,"6":1,"7":0,"8":0,"9":0},"f":{"0":1,"1":1,"2":1,"3":0,"4":1,"5":0,"6":0,"7":0},"b":{"0":[0,0],"1":[1,0],"2":[0,0],"3":[1,0],"4":[0,0],"5":[1,0],"6":[0,0]},"_coverageSchema":"332fd63041d2c1bcb487cc26dd0d5f7d97098a6c","hash":"a48057a02acd0dcfe187f8d85a5591569c13e4f7"}
,"/Users/uliadutcak/Documents/IT/React-study/src/app/pages/SearchPage.jsx": {"path":"/Users/uliadutcak/Documents/IT/React-study/src/app/pages/SearchPage.jsx","statementMap":{"0":{"start":{"line":26,"column":4},"end":{"line":26,"column":17}},"1":{"start":{"line":27,"column":4},"end":{"line":27,"column":19}},"2":{"start":{"line":31,"column":24},"end":{"line":31,"column":48}},"3":{"start":{"line":32,"column":6},"end":{"line":38,"column":6}},"4":{"start":{"line":33,"column":8},"end":{"line":33,"column":55}},"5":{"start":{"line":34,"column":12},"end":{"line":38,"column":6}},"6":{"start":{"line":35,"column":7},"end":{"line":35,"column":60}},"7":{"start":{"line":37,"column":7},"end":{"line":37,"column":14}},"8":{"start":{"line":42,"column":4},"end":{"line":42,"column":57}},"9":{"start":{"line":46,"column":4},"end":{"line":48,"column":5}},"10":{"start":{"line":47,"column":6},"end":{"line":47,"column":58}},"11":{"start":{"line":53,"column":27},"end":{"line":53,"column":31}},"12":{"start":{"line":54,"column":4},"end":{"line":62,"column":5}},"13":{"start":{"line":55,"column":6},"end":{"line":59,"column":7}},"14":{"start":{"line":56,"column":8},"end":{"line":56,"column":113}},"15":{"start":{"line":58,"column":8},"end":{"line":58,"column":43}},"16":{"start":{"line":60,"column":11},"end":{"line":62,"column":5}},"17":{"start":{"line":61,"column":6},"end":{"line":61,"column":35}},"18":{"start":{"line":64,"column":4},"end":{"line":81,"column":6}},"19":{"start":{"line":88,"column":2},"end":{"line":91,"column":3}},"20":{"start":{"line":89,"column":34},"end":{"line":89,"column":65}},"21":{"start":{"line":90,"column":37},"end":{"line":90,"column":71}},"22":{"start":{"line":95,"column":2},"end":{"line":99,"column":3}}},"fnMap":{"0":{"name":"(anonymous_0)","decl":{"start":{"line":25,"column":2},"end":{"line":25,"column":3}},"loc":{"start":{"line":25,"column":21},"end":{"line":28,"column":3}},"line":25},"1":{"name":"(anonymous_1)","decl":{"start":{"line":30,"column":2},"end":{"line":30,"column":3}},"loc":{"start":{"line":30,"column":28},"end":{"line":39,"column":3}},"line":30},"2":{"name":"(anonymous_2)","decl":{"start":{"line":41,"column":2},"end":{"line":41,"column":3}},"loc":{"start":{"line":41,"column":22},"end":{"line":43,"column":3}},"line":41},"3":{"name":"(anonymous_3)","decl":{"start":{"line":45,"column":2},"end":{"line":45,"column":3}},"loc":{"start":{"line":45,"column":39},"end":{"line":49,"column":3}},"line":45},"4":{"name":"(anonymous_4)","decl":{"start":{"line":51,"column":2},"end":{"line":51,"column":3}},"loc":{"start":{"line":51,"column":11},"end":{"line":82,"column":3}},"line":51},"5":{"name":"actions","decl":{"start":{"line":87,"column":9},"end":{"line":87,"column":16}},"loc":{"start":{"line":87,"column":26},"end":{"line":92,"column":1}},"line":87},"6":{"name":"(anonymous_6)","decl":{"start":{"line":89,"column":19},"end":{"line":89,"column":20}},"loc":{"start":{"line":89,"column":34},"end":{"line":89,"column":65}},"line":89},"7":{"name":"(anonymous_7)","decl":{"start":{"line":90,"column":22},"end":{"line":90,"column":23}},"loc":{"start":{"line":90,"column":37},"end":{"line":90,"column":71}},"line":90},"8":{"name":"mapProps","decl":{"start":{"line":94,"column":9},"end":{"line":94,"column":17}},"loc":{"start":{"line":94,"column":25},"end":{"line":100,"column":1}},"line":94}},"branchMap":{"0":{"loc":{"start":{"line":32,"column":6},"end":{"line":38,"column":6}},"type":"if","locations":[{"start":{"line":32,"column":6},"end":{"line":38,"column":6}},{"start":{"line":32,"column":6},"end":{"line":38,"column":6}}],"line":32},"1":{"loc":{"start":{"line":34,"column":12},"end":{"line":38,"column":6}},"type":"if","locations":[{"start":{"line":34,"column":12},"end":{"line":38,"column":6}},{"start":{"line":34,"column":12},"end":{"line":38,"column":6}}],"line":34},"2":{"loc":{"start":{"line":46,"column":4},"end":{"line":48,"column":5}},"type":"if","locations":[{"start":{"line":46,"column":4},"end":{"line":48,"column":5}},{"start":{"line":46,"column":4},"end":{"line":48,"column":5}}],"line":46},"3":{"loc":{"start":{"line":54,"column":4},"end":{"line":62,"column":5}},"type":"if","locations":[{"start":{"line":54,"column":4},"end":{"line":62,"column":5}},{"start":{"line":54,"column":4},"end":{"line":62,"column":5}}],"line":54},"4":{"loc":{"start":{"line":54,"column":7},"end":{"line":54,"column":56}},"type":"binary-expr","locations":[{"start":{"line":54,"column":7},"end":{"line":54,"column":31}},{"start":{"line":54,"column":35},"end":{"line":54,"column":56}}],"line":54},"5":{"loc":{"start":{"line":55,"column":6},"end":{"line":59,"column":7}},"type":"if","locations":[{"start":{"line":55,"column":6},"end":{"line":59,"column":7}},{"start":{"line":55,"column":6},"end":{"line":59,"column":7}}],"line":55},"6":{"loc":{"start":{"line":60,"column":11},"end":{"line":62,"column":5}},"type":"if","locations":[{"start":{"line":60,"column":11},"end":{"line":62,"column":5}},{"start":{"line":60,"column":11},"end":{"line":62,"column":5}}],"line":60},"7":{"loc":{"start":{"line":72,"column":13},"end":{"line":72,"column":57}},"type":"cond-expr","locations":[{"start":{"line":72,"column":40},"end":{"line":72,"column":52}},{"start":{"line":72,"column":55},"end":{"line":72,"column":57}}],"line":72},"8":{"loc":{"start":{"line":73,"column":13},"end":{"line":73,"column":59}},"type":"cond-expr","locations":[{"start":{"line":73,"column":40},"end":{"line":73,"column":54}},{"start":{"line":73,"column":57},"end":{"line":73,"column":59}}],"line":73}},"s":{"0":1,"1":1,"2":1,"3":1,"4":0,"5":1,"6":0,"7":1,"8":1,"9":0,"10":0,"11":1,"12":1,"13":0,"14":0,"15":0,"16":1,"17":0,"18":1,"19":0,"20":0,"21":0,"22":0},"f":{"0":1,"1":1,"2":1,"3":0,"4":1,"5":0,"6":0,"7":0,"8":0},"b":{"0":[0,1],"1":[0,1],"2":[0,0],"3":[0,1],"4":[1,0],"5":[0,0],"6":[0,1],"7":[0,1],"8":[0,1]},"_coverageSchema":"332fd63041d2c1bcb487cc26dd0d5f7d97098a6c","hash":"731e8deb955314b9085ed6f7bf2fc5ab1308ddc5"}
,"/Users/uliadutcak/Documents/IT/React-study/src/app/reducers/isLoading.js": {"path":"/Users/uliadutcak/Documents/IT/React-study/src/app/reducers/isLoading.js","statementMap":{"0":{"start":{"line":1,"column":21},"end":{"line":4,"column":1}},"1":{"start":{"line":7,"column":2},"end":{"line":18,"column":3}},"2":{"start":{"line":9,"column":6},"end":{"line":11,"column":9}},"3":{"start":{"line":13,"column":6},"end":{"line":15,"column":9}},"4":{"start":{"line":17,"column":6},"end":{"line":17,"column":18}}},"fnMap":{"0":{"name":"isLoading","decl":{"start":{"line":6,"column":24},"end":{"line":6,"column":33}},"loc":{"start":{"line":6,"column":64},"end":{"line":19,"column":1}},"line":6}},"branchMap":{"0":{"loc":{"start":{"line":6,"column":34},"end":{"line":6,"column":54}},"type":"default-arg","locations":[{"start":{"line":6,"column":42},"end":{"line":6,"column":54}}],"line":6},"1":{"loc":{"start":{"line":7,"column":2},"end":{"line":18,"column":3}},"type":"switch","locations":[{"start":{"line":8,"column":4},"end":{"line":11,"column":9}},{"start":{"line":12,"column":4},"end":{"line":15,"column":9}},{"start":{"line":16,"column":4},"end":{"line":17,"column":18}}],"line":7}},"s":{"0":1,"1":3,"2":1,"3":1,"4":1},"f":{"0":3},"b":{"0":[0],"1":[1,1,1]},"_coverageSchema":"332fd63041d2c1bcb487cc26dd0d5f7d97098a6c","hash":"acbc121c9d08a477c5b02387dac00251541a6122"}
,"/Users/uliadutcak/Documents/IT/React-study/src/app/reducers/movie.js": {"path":"/Users/uliadutcak/Documents/IT/React-study/src/app/reducers/movie.js","statementMap":{"0":{"start":{"line":1,"column":21},"end":{"line":1,"column":23}},"1":{"start":{"line":4,"column":2},"end":{"line":9,"column":3}},"2":{"start":{"line":6,"column":6},"end":{"line":6,"column":28}},"3":{"start":{"line":8,"column":6},"end":{"line":8,"column":19}}},"fnMap":{"0":{"name":"movie","decl":{"start":{"line":3,"column":24},"end":{"line":3,"column":29}},"loc":{"start":{"line":3,"column":60},"end":{"line":10,"column":1}},"line":3}},"branchMap":{"0":{"loc":{"start":{"line":3,"column":30},"end":{"line":3,"column":50}},"type":"default-arg","locations":[{"start":{"line":3,"column":38},"end":{"line":3,"column":50}}],"line":3},"1":{"loc":{"start":{"line":4,"column":2},"end":{"line":9,"column":3}},"type":"switch","locations":[{"start":{"line":5,"column":4},"end":{"line":6,"column":28}},{"start":{"line":7,"column":4},"end":{"line":8,"column":19}}],"line":4}},"s":{"0":1,"1":2,"2":1,"3":1},"f":{"0":2},"b":{"0":[0],"1":[1,1]},"_coverageSchema":"332fd63041d2c1bcb487cc26dd0d5f7d97098a6c","hash":"234bd3de396cfd613bbfc9f4f9bd112f9d061d99"}
,"/Users/uliadutcak/Documents/IT/React-study/src/app/reducers/search.js": {"path":"/Users/uliadutcak/Documents/IT/React-study/src/app/reducers/search.js","statementMap":{"0":{"start":{"line":1,"column":22},"end":{"line":1,"column":24}},"1":{"start":{"line":4,"column":2},"end":{"line":11,"column":3}},"2":{"start":{"line":6,"column":6},"end":{"line":8,"column":8}},"3":{"start":{"line":10,"column":6},"end":{"line":10,"column":19}}},"fnMap":{"0":{"name":"search","decl":{"start":{"line":3,"column":24},"end":{"line":3,"column":30}},"loc":{"start":{"line":3,"column":62},"end":{"line":12,"column":1}},"line":3}},"branchMap":{"0":{"loc":{"start":{"line":3,"column":31},"end":{"line":3,"column":52}},"type":"default-arg","locations":[{"start":{"line":3,"column":39},"end":{"line":3,"column":52}}],"line":3},"1":{"loc":{"start":{"line":4,"column":2},"end":{"line":11,"column":3}},"type":"switch","locations":[{"start":{"line":5,"column":4},"end":{"line":8,"column":8}},{"start":{"line":9,"column":4},"end":{"line":10,"column":19}}],"line":4}},"s":{"0":1,"1":2,"2":1,"3":1},"f":{"0":2},"b":{"0":[0],"1":[1,1]},"_coverageSchema":"332fd63041d2c1bcb487cc26dd0d5f7d97098a6c","hash":"cd276f184b38f2d2bf9f749f186332f82b26a22b"}
,"/Users/uliadutcak/Documents/IT/React-study/src/app/reducers/sort.js": {"path":"/Users/uliadutcak/Documents/IT/React-study/src/app/reducers/sort.js","statementMap":{"0":{"start":{"line":1,"column":22},"end":{"line":1,"column":36}},"1":{"start":{"line":4,"column":2},"end":{"line":9,"column":3}},"2":{"start":{"line":6,"column":6},"end":{"line":6,"column":28}},"3":{"start":{"line":8,"column":6},"end":{"line":8,"column":18}}},"fnMap":{"0":{"name":"sort","decl":{"start":{"line":3,"column":24},"end":{"line":3,"column":28}},"loc":{"start":{"line":3,"column":60},"end":{"line":10,"column":1}},"line":3}},"branchMap":{"0":{"loc":{"start":{"line":3,"column":29},"end":{"line":3,"column":50}},"type":"default-arg","locations":[{"start":{"line":3,"column":37},"end":{"line":3,"column":50}}],"line":3},"1":{"loc":{"start":{"line":4,"column":2},"end":{"line":9,"column":3}},"type":"switch","locations":[{"start":{"line":5,"column":4},"end":{"line":6,"column":28}},{"start":{"line":7,"column":4},"end":{"line":8,"column":18}}],"line":4}},"s":{"0":1,"1":2,"2":2,"3":0},"f":{"0":2},"b":{"0":[0],"1":[2,0]},"_coverageSchema":"332fd63041d2c1bcb487cc26dd0d5f7d97098a6c","hash":"51b8ab1263d11f797d7ab1caa5bd72de33efa5b8"}
,"/Users/uliadutcak/Documents/IT/React-study/src/app/resource/api.js": {"path":"/Users/uliadutcak/Documents/IT/React-study/src/app/resource/api.js","statementMap":{"0":{"start":{"line":3,"column":14},"end":{"line":3,"column":44}},"1":{"start":{"line":4,"column":16},"end":{"line":4,"column":50}},"2":{"start":{"line":7,"column":2},"end":{"line":11,"column":3}},"3":{"start":{"line":8,"column":4},"end":{"line":8,"column":36}},"4":{"start":{"line":10,"column":4},"end":{"line":10,"column":57}},"5":{"start":{"line":15,"column":2},"end":{"line":15,"column":24}},"6":{"start":{"line":19,"column":14},"end":{"line":19,"column":92}},"7":{"start":{"line":21,"column":2},"end":{"line":23,"column":16}},"8":{"start":{"line":27,"column":14},"end":{"line":27,"column":102}},"9":{"start":{"line":29,"column":2},"end":{"line":31,"column":16}},"10":{"start":{"line":35,"column":14},"end":{"line":35,"column":103}},"11":{"start":{"line":37,"column":2},"end":{"line":42,"column":7}},"12":{"start":{"line":41,"column":6},"end":{"line":41,"column":32}},"13":{"start":{"line":46,"column":21},"end":{"line":46,"column":49}},"14":{"start":{"line":48,"column":2},"end":{"line":55,"column":14}},"15":{"start":{"line":51,"column":18},"end":{"line":51,"column":107}},"16":{"start":{"line":52,"column":6},"end":{"line":52,"column":23}},"17":{"start":{"line":59,"column":18},"end":{"line":59,"column":103}},"18":{"start":{"line":61,"column":6},"end":{"line":63,"column":18}}},"fnMap":{"0":{"name":"status","decl":{"start":{"line":6,"column":9},"end":{"line":6,"column":15}},"loc":{"start":{"line":6,"column":26},"end":{"line":12,"column":1}},"line":6},"1":{"name":"json","decl":{"start":{"line":14,"column":9},"end":{"line":14,"column":13}},"loc":{"start":{"line":14,"column":24},"end":{"line":16,"column":1}},"line":14},"2":{"name":"getMovieById","decl":{"start":{"line":18,"column":16},"end":{"line":18,"column":28}},"loc":{"start":{"line":18,"column":39},"end":{"line":24,"column":1}},"line":18},"3":{"name":"findMoviesByTitle","decl":{"start":{"line":26,"column":16},"end":{"line":26,"column":33}},"loc":{"start":{"line":26,"column":47},"end":{"line":32,"column":1}},"line":26},"4":{"name":"findDirectorId","decl":{"start":{"line":34,"column":9},"end":{"line":34,"column":23}},"loc":{"start":{"line":34,"column":37},"end":{"line":43,"column":1}},"line":34},"5":{"name":"(anonymous_5)","decl":{"start":{"line":40,"column":10},"end":{"line":40,"column":11}},"loc":{"start":{"line":40,"column":25},"end":{"line":42,"column":5}},"line":40},"6":{"name":"findMoviesByDirectorName","decl":{"start":{"line":45,"column":16},"end":{"line":45,"column":40}},"loc":{"start":{"line":45,"column":55},"end":{"line":56,"column":1}},"line":45},"7":{"name":"(anonymous_7)","decl":{"start":{"line":50,"column":4},"end":{"line":50,"column":5}},"loc":{"start":{"line":50,"column":18},"end":{"line":53,"column":3}},"line":50},"8":{"name":"findMovieDirectorAndActors","decl":{"start":{"line":58,"column":16},"end":{"line":58,"column":42}},"loc":{"start":{"line":58,"column":52},"end":{"line":64,"column":1}},"line":58}},"branchMap":{"0":{"loc":{"start":{"line":7,"column":2},"end":{"line":11,"column":3}},"type":"if","locations":[{"start":{"line":7,"column":2},"end":{"line":11,"column":3}},{"start":{"line":7,"column":2},"end":{"line":11,"column":3}}],"line":7},"1":{"loc":{"start":{"line":7,"column":6},"end":{"line":7,"column":53}},"type":"binary-expr","locations":[{"start":{"line":7,"column":6},"end":{"line":7,"column":28}},{"start":{"line":7,"column":32},"end":{"line":7,"column":53}}],"line":7}},"s":{"0":4,"1":4,"2":0,"3":0,"4":0,"5":0,"6":0,"7":0,"8":0,"9":0,"10":0,"11":0,"12":0,"13":0,"14":0,"15":0,"16":0,"17":0,"18":0},"f":{"0":0,"1":0,"2":0,"3":0,"4":0,"5":0,"6":0,"7":0,"8":0},"b":{"0":[0,0],"1":[0,0]},"_coverageSchema":"332fd63041d2c1bcb487cc26dd0d5f7d97098a6c","hash":"83c2b1c2bf2748f1eee1a7ce4d1fbb0f13e7107d"}
,"/Users/uliadutcak/Documents/IT/React-study/src/tests/jestsetup.js": {"path":"/Users/uliadutcak/Documents/IT/React-study/src/tests/jestsetup.js","statementMap":{"0":{"start":{"line":4,"column":0},"end":{"line":4,"column":45}},"1":{"start":{"line":6,"column":0},"end":{"line":6,"column":25}},"2":{"start":{"line":7,"column":0},"end":{"line":7,"column":23}},"3":{"start":{"line":8,"column":0},"end":{"line":8,"column":21}},"4":{"start":{"line":10,"column":0},"end":{"line":12,"column":2}},"5":{"start":{"line":11,"column":3},"end":{"line":11,"column":28}}},"fnMap":{"0":{"name":"(anonymous_0)","decl":{"start":{"line":10,"column":16},"end":{"line":10,"column":17}},"loc":{"start":{"line":10,"column":27},"end":{"line":12,"column":1}},"line":10}},"branchMap":{},"s":{"0":24,"1":24,"2":24,"3":24,"4":24,"5":0},"f":{"0":0},"b":{},"_coverageSchema":"332fd63041d2c1bcb487cc26dd0d5f7d97098a6c","hash":"c7b1105f0c498f0651854e63924d708544256927"}
}
