TN:
SF:/Users/uliadutcak/Documents/IT/React-study/src/app/action/findMovie.js
FN:5,findMovie
FN:6,(anonymous_1)
FN:10,(anonymous_2)
FN:14,(anonymous_3)
FN:19,(anonymous_4)
FN:26,(anonymous_5)
FNF:6
FNH:0
FNDA:0,findMovie
FNDA:0,(anonymous_1)
FNDA:0,(anonymous_2)
FNDA:0,(anonymous_3)
FNDA:0,(anonymous_4)
FNDA:0,(anonymous_5)
DA:6,0
DA:7,0
DA:9,0
DA:11,0
DA:12,0
DA:15,0
DA:16,0
DA:17,0
DA:20,0
DA:24,0
DA:27,0
DA:28,0
LF:12
LH:0
BRF:0
BRH:0
end_of_record
TN:
SF:/Users/uliadutcak/Documents/IT/React-study/src/app/action/index.js
FNF:0
FNH:0
LF:0
LH:0
BRF:0
BRH:0
end_of_record
TN:
SF:/Users/uliadutcak/Documents/IT/React-study/src/app/action/searchByDirector.js
FN:5,searchByDirector
FN:6,(anonymous_1)
FN:9,(anonymous_2)
FN:13,(anonymous_3)
FNF:4
FNH:0
FNDA:0,searchByDirector
FNDA:0,(anonymous_1)
FNDA:0,(anonymous_2)
FNDA:0,(anonymous_3)
DA:6,0
DA:7,0
DA:8,0
DA:10,0
DA:11,0
DA:14,0
DA:15,0
LF:7
LH:0
BRF:0
BRH:0
end_of_record
TN:
SF:/Users/uliadutcak/Documents/IT/React-study/src/app/action/searchByTitle.js
FN:4,searchByTitle
FN:5,(anonymous_1)
FN:8,(anonymous_2)
FN:12,(anonymous_3)
FNF:4
FNH:0
FNDA:0,searchByTitle
FNDA:0,(anonymous_1)
FNDA:0,(anonymous_2)
FNDA:0,(anonymous_3)
DA:5,0
DA:6,0
DA:7,0
DA:9,0
DA:10,0
DA:13,0
DA:14,0
LF:7
LH:0
BRF:0
BRH:0
end_of_record
TN:
SF:/Users/uliadutcak/Documents/IT/React-study/src/app/action/setLoadingMovie.js
FN:1,setLoadingMovie
FNF:1
FNH:1
FNDA:1,setLoadingMovie
DA:2,1
LF:1
LH:1
BRF:0
BRH:0
end_of_record
TN:
SF:/Users/uliadutcak/Documents/IT/React-study/src/app/action/setLoadingSearch.js
FN:1,setLoadingSearch
FNF:1
FNH:1
FNDA:1,setLoadingSearch
DA:2,1
LF:1
LH:1
BRF:0
BRH:0
end_of_record
TN:
SF:/Users/uliadutcak/Documents/IT/React-study/src/app/action/setMovie.js
FN:1,setMovie
FNF:1
FNH:1
FNDA:1,setMovie
DA:2,1
LF:1
LH:1
BRF:0
BRH:0
end_of_record
TN:
SF:/Users/uliadutcak/Documents/IT/React-study/src/app/action/setMovieList.js
FN:1,setMovieList
FNF:1
FNH:1
FNDA:1,setMovieList
DA:2,1
LF:1
LH:1
BRF:0
BRH:0
end_of_record
TN:
SF:/Users/uliadutcak/Documents/IT/React-study/src/app/action/setSortBy.js
FN:1,setSortBy
FNF:1
FNH:1
FNDA:1,setSortBy
DA:2,1
LF:1
LH:1
BRF:0
BRH:0
end_of_record
TN:
SF:/Users/uliadutcak/Documents/IT/React-study/src/app/components/index.jsx
FNF:0
FNH:0
LF:0
LH:0
BRF:0
BRH:0
end_of_record
TN:
SF:/Users/uliadutcak/Documents/IT/React-study/src/app/components/Button/Button.jsx
FN:7,(anonymous_0)
FN:11,(anonymous_1)
FNF:2
FNH:2
FNDA:6,(anonymous_0)
FNDA:6,(anonymous_1)
DA:8,6
DA:13,6
DA:20,6
DA:21,1
DA:26,5
DA:27,2
DA:32,3
DA:33,1
DA:38,2
DA:39,1
DA:45,1
LF:11
LH:11
BRDA:20,0,0,1
BRDA:20,0,1,5
BRDA:20,1,0,6
BRDA:20,1,1,5
BRDA:26,2,0,2
BRDA:26,2,1,3
BRDA:32,3,0,1
BRDA:32,3,1,2
BRDA:38,4,0,1
BRDA:38,4,1,1
BRF:10
BRH:10
end_of_record
TN:
SF:/Users/uliadutcak/Documents/IT/React-study/src/app/components/Button/index.jsx
FNF:0
FNH:0
LF:0
LH:0
BRF:0
BRH:0
end_of_record
TN:
SF:/Users/uliadutcak/Documents/IT/React-study/src/app/components/EmptySearch/EmptySearch.jsx
FN:7,(anonymous_0)
FNF:1
FNH:1
FNDA:1,(anonymous_0)
DA:8,1
LF:1
LH:1
BRF:0
BRH:0
end_of_record
TN:
SF:/Users/uliadutcak/Documents/IT/React-study/src/app/components/EmptySearch/index.jsx
FNF:0
FNH:0
LF:0
LH:0
BRF:0
BRH:0
end_of_record
TN:
SF:/Users/uliadutcak/Documents/IT/React-study/src/app/components/Footer/Footer.jsx
FN:9,(anonymous_0)
FN:13,(anonymous_1)
FNF:2
FNH:2
FNDA:1,(anonymous_0)
FNDA:1,(anonymous_1)
DA:10,1
DA:14,1
LF:2
LH:2
BRF:0
BRH:0
end_of_record
TN:
SF:/Users/uliadutcak/Documents/IT/React-study/src/app/components/Footer/index.jsx
FNF:0
FNH:0
LF:0
LH:0
BRF:0
BRH:0
end_of_record
TN:
SF:/Users/uliadutcak/Documents/IT/React-study/src/app/components/Header/Header.jsx
FN:8,(anonymous_0)
FN:12,(anonymous_1)
FNF:2
FNH:2
FNDA:1,(anonymous_0)
FNDA:1,(anonymous_1)
DA:9,1
DA:13,1
LF:2
LH:2
BRF:0
BRH:0
end_of_record
TN:
SF:/Users/uliadutcak/Documents/IT/React-study/src/app/components/Header/index.jsx
FNF:0
FNH:0
LF:0
LH:0
BRF:0
BRH:0
end_of_record
TN:
SF:/Users/uliadutcak/Documents/IT/React-study/src/app/components/HeaderFooter/HeaderFooter.jsx
FN:8,(anonymous_0)
FN:12,(anonymous_1)
FNF:2
FNH:2
FNDA:1,(anonymous_0)
FNDA:1,(anonymous_1)
DA:9,1
DA:13,1
LF:2
LH:2
BRF:0
BRH:0
end_of_record
TN:
SF:/Users/uliadutcak/Documents/IT/React-study/src/app/components/HeaderFooter/index.jsx
FNF:0
FNH:0
LF:0
LH:0
BRF:0
BRH:0
end_of_record
TN:
SF:/Users/uliadutcak/Documents/IT/React-study/src/app/components/HeaderNav/HeaderNav.jsx
FN:9,(anonymous_0)
FN:13,(anonymous_1)
FNF:2
FNH:2
FNDA:1,(anonymous_0)
FNDA:1,(anonymous_1)
DA:10,1
DA:14,1
LF:2
LH:2
BRF:0
BRH:0
end_of_record
TN:
SF:/Users/uliadutcak/Documents/IT/React-study/src/app/components/HeaderNav/index.jsx
FNF:0
FNH:0
LF:0
LH:0
BRF:0
BRH:0
end_of_record
TN:
SF:/Users/uliadutcak/Documents/IT/React-study/src/app/components/Loader/Loader.jsx
FN:6,(anonymous_0)
FNF:1
FNH:1
FNDA:1,(anonymous_0)
DA:7,1
LF:1
LH:1
BRF:0
BRH:0
end_of_record
TN:
SF:/Users/uliadutcak/Documents/IT/React-study/src/app/components/Loader/index.jsx
FNF:0
FNH:0
LF:0
LH:0
BRF:0
BRH:0
end_of_record
TN:
SF:/Users/uliadutcak/Documents/IT/React-study/src/app/components/Logo/Logo.jsx
FN:7,(anonymous_0)
FNF:1
FNH:1
FNDA:1,(anonymous_0)
DA:8,1
LF:1
LH:1
BRF:0
BRH:0
end_of_record
TN:
SF:/Users/uliadutcak/Documents/IT/React-study/src/app/components/Logo/index.jsx
FNF:0
FNH:0
LF:0
LH:0
BRF:0
BRH:0
end_of_record
TN:
SF:/Users/uliadutcak/Documents/IT/React-study/src/app/components/MovieBox/MovieBox.jsx
FN:8,(anonymous_0)
FN:13,(anonymous_1)
FN:33,(anonymous_2)
FN:43,(anonymous_3)
FN:46,(anonymous_4)
FN:57,mapProps
FNF:6
FNH:5
FNDA:1,(anonymous_0)
FNDA:1,(anonymous_1)
FNDA:2,(anonymous_2)
FNDA:2,(anonymous_3)
FNDA:2,(anonymous_4)
FNDA:0,mapProps
DA:9,1
DA:10,1
DA:14,1
DA:15,1
DA:16,1
DA:17,1
DA:33,2
DA:43,2
DA:46,2
DA:58,0
LF:10
LH:9
BRDA:16,0,0,1
BRDA:16,0,1,0
BRF:2
BRH:1
end_of_record
TN:
SF:/Users/uliadutcak/Documents/IT/React-study/src/app/components/MovieBox/index.jsx
FNF:0
FNH:0
LF:0
LH:0
BRF:0
BRH:0
end_of_record
TN:
SF:/Users/uliadutcak/Documents/IT/React-study/src/app/components/MovieInfo/MovieInfo.jsx
FN:6,(anonymous_0)
FN:10,(anonymous_1)
FN:14,(anonymous_2)
FN:21,mapProps
FNF:4
FNH:3
FNDA:1,(anonymous_0)
FNDA:1,(anonymous_1)
FNDA:3,(anonymous_2)
FNDA:0,mapProps
DA:7,1
DA:11,1
DA:14,3
DA:22,0
LF:4
LH:3
BRF:0
BRH:0
end_of_record
TN:
SF:/Users/uliadutcak/Documents/IT/React-study/src/app/components/MovieInfo/index.jsx
FNF:0
FNH:0
LF:0
LH:0
BRF:0
BRH:0
end_of_record
TN:
SF:/Users/uliadutcak/Documents/IT/React-study/src/app/components/MovieItem/MovieItem.jsx
FN:9,(anonymous_0)
FN:15,(anonymous_1)
FNF:2
FNH:2
FNDA:1,(anonymous_0)
FNDA:1,(anonymous_1)
DA:10,1
DA:12,1
DA:16,1
DA:17,1
DA:18,1
DA:19,1
DA:20,1
LF:7
LH:7
BRDA:18,0,0,1
BRDA:18,0,1,0
BRF:2
BRH:1
end_of_record
TN:
SF:/Users/uliadutcak/Documents/IT/React-study/src/app/components/MovieItem/index.jsx
FNF:0
FNH:0
LF:0
LH:0
BRF:0
BRH:0
end_of_record
TN:
SF:/Users/uliadutcak/Documents/IT/React-study/src/app/components/MoviesList/MoviesList.jsx
FN:8,(anonymous_0)
FN:12,(anonymous_1)
FN:14,(anonymous_2)
FNF:3
FNH:3
FNDA:1,(anonymous_0)
FNDA:1,(anonymous_1)
FNDA:3,(anonymous_2)
DA:9,1
DA:13,1
DA:14,1
DA:15,3
DA:17,1
LF:5
LH:5
BRDA:13,0,0,1
BRDA:13,0,1,0
BRF:2
BRH:1
end_of_record
TN:
SF:/Users/uliadutcak/Documents/IT/React-study/src/app/components/MoviesList/index.jsx
FNF:0
FNH:0
LF:0
LH:0
BRF:0
BRH:0
end_of_record
TN:
SF:/Users/uliadutcak/Documents/IT/React-study/src/app/components/NavMenu/NavMenu.jsx
FN:8,(anonymous_0)
FN:13,(anonymous_1)
FN:15,(anonymous_2)
FNF:3
FNH:3
FNDA:1,(anonymous_0)
FNDA:1,(anonymous_1)
FNDA:1,(anonymous_2)
DA:9,1
DA:14,1
DA:15,1
DA:16,1
DA:20,1
LF:5
LH:5
BRF:0
BRH:0
end_of_record
TN:
SF:/Users/uliadutcak/Documents/IT/React-study/src/app/components/NavMenu/index.jsx
FNF:0
FNH:0
LF:0
LH:0
BRF:0
BRH:0
end_of_record
TN:
SF:/Users/uliadutcak/Documents/IT/React-study/src/app/components/SearchBox/SearchBox.jsx
FN:8,(anonymous_0)
FN:16,(anonymous_1)
FN:20,(anonymous_2)
FN:40,(anonymous_3)
FNF:4
FNH:0
FNDA:0,(anonymous_0)
FNDA:0,(anonymous_1)
FNDA:0,(anonymous_2)
FNDA:0,(anonymous_3)
DA:8,3
DA:9,0
DA:17,0
DA:22,0
DA:23,0
DA:25,0
DA:26,0
DA:29,0
DA:30,0
DA:32,0
DA:41,0
DA:42,0
LF:12
LH:1
BRDA:9,0,0,0
BRDA:9,0,1,0
BRDA:20,1,0,0
BRDA:20,2,0,0
BRDA:25,3,0,0
BRDA:25,3,1,0
BRDA:25,4,0,0
BRDA:25,4,1,0
BRDA:29,5,0,0
BRDA:29,5,1,0
BRF:10
BRH:0
end_of_record
TN:
SF:/Users/uliadutcak/Documents/IT/React-study/src/app/components/SearchBox/index.jsx
FNF:0
FNH:0
LF:0
LH:0
BRF:0
BRH:0
end_of_record
TN:
SF:/Users/uliadutcak/Documents/IT/React-study/src/app/components/SearchNav/SearchNav.jsx
FN:7,(anonymous_0)
FN:11,(anonymous_1)
FNF:2
FNH:2
FNDA:1,(anonymous_0)
FNDA:1,(anonymous_1)
DA:8,1
DA:12,1
LF:2
LH:2
BRF:0
BRH:0
end_of_record
TN:
SF:/Users/uliadutcak/Documents/IT/React-study/src/app/components/SearchNav/index.jsx
FNF:0
FNH:0
LF:0
LH:0
BRF:0
BRH:0
end_of_record
TN:
SF:/Users/uliadutcak/Documents/IT/React-study/src/app/components/SearchResult/SearchResult.jsx
FN:7,(anonymous_0)
FN:12,(anonymous_1)
FNF:2
FNH:2
FNDA:1,(anonymous_0)
FNDA:1,(anonymous_1)
DA:8,1
DA:13,1
LF:2
LH:2
BRF:0
BRH:0
end_of_record
TN:
SF:/Users/uliadutcak/Documents/IT/React-study/src/app/components/SearchResult/index.jsx
FNF:0
FNH:0
LF:0
LH:0
BRF:0
BRH:0
end_of_record
TN:
SF:/Users/uliadutcak/Documents/IT/React-study/src/app/components/SearchSort/SearchSort.jsx
FN:9,(anonymous_0)
FN:15,(anonymous_1)
FN:21,(anonymous_2)
FN:51,mapProps
FNF:4
FNH:2
FNDA:1,(anonymous_0)
FNDA:0,(anonymous_1)
FNDA:1,(anonymous_2)
FNDA:0,mapProps
DA:10,1
DA:12,1
DA:16,0
DA:17,0
DA:18,0
DA:22,1
DA:47,3
DA:52,0
LF:8
LH:4
BRDA:25,0,0,0
BRDA:25,0,1,1
BRDA:33,1,0,0
BRDA:33,1,1,1
BRF:4
BRH:2
end_of_record
TN:
SF:/Users/uliadutcak/Documents/IT/React-study/src/app/components/SearchSort/index.jsx
FNF:0
FNH:0
LF:0
LH:0
BRF:0
BRH:0
end_of_record
TN:
SF:/Users/uliadutcak/Documents/IT/React-study/src/app/components/SearchSum/SearchSum.jsx
FN:6,(anonymous_0)
FN:10,(anonymous_1)
FN:21,mapProps
FNF:3
FNH:2
FNDA:1,(anonymous_0)
FNDA:1,(anonymous_1)
FNDA:0,mapProps
DA:7,1
DA:11,1
DA:12,1
DA:22,0
LF:4
LH:3
BRDA:11,0,0,1
BRDA:11,0,1,0
BRF:2
BRH:1
end_of_record
TN:
SF:/Users/uliadutcak/Documents/IT/React-study/src/app/components/SearchSum/index.jsx
FNF:0
FNH:0
LF:0
LH:0
BRF:0
BRH:0
end_of_record
TN:
SF:/Users/uliadutcak/Documents/IT/React-study/src/app/components/Wrapper/Wrapper.jsx
FN:6,(anonymous_0)
FN:10,(anonymous_1)
FNF:2
FNH:2
FNDA:1,(anonymous_0)
FNDA:1,(anonymous_1)
DA:7,1
DA:11,1
LF:2
LH:2
BRF:0
BRH:0
end_of_record
TN:
SF:/Users/uliadutcak/Documents/IT/React-study/src/app/components/Wrapper/index.jsx
FNF:0
FNH:0
LF:0
LH:0
BRF:0
BRH:0
end_of_record
TN:
SF:/Users/uliadutcak/Documents/IT/React-study/src/app/pages/MoviePage.jsx
FN:20,(anonymous_0)
FN:25,(anonymous_1)
FN:29,(anonymous_2)
FN:33,(anonymous_3)
FN:39,(anonymous_4)
FN:61,actions
FN:63,(anonymous_6)
FN:67,mapProps
FNF:8
FNH:4
FNDA:1,(anonymous_0)
FNDA:1,(anonymous_1)
FNDA:1,(anonymous_2)
FNDA:0,(anonymous_3)
FNDA:1,(anonymous_4)
FNDA:0,actions
FNDA:0,(anonymous_6)
FNDA:0,mapProps
DA:21,1
DA:22,1
DA:26,1
DA:30,1
DA:34,0
DA:35,0
DA:40,1
DA:62,0
DA:63,0
DA:68,0
LF:10
LH:5
BRDA:34,0,0,0
BRDA:34,0,1,0
BRDA:46,1,0,1
BRDA:46,1,1,0
BRDA:46,2,0,0
BRDA:46,2,1,0
BRDA:49,3,0,1
BRDA:49,3,1,0
BRDA:49,4,0,0
BRDA:49,4,1,0
BRDA:52,5,0,1
BRDA:52,5,1,0
BRDA:52,6,0,0
BRDA:52,6,1,0
BRF:14
BRH:3
end_of_record
TN:
SF:/Users/uliadutcak/Documents/IT/React-study/src/app/pages/SearchPage.jsx
FN:25,(anonymous_0)
FN:30,(anonymous_1)
FN:41,(anonymous_2)
FN:45,(anonymous_3)
FN:51,(anonymous_4)
FN:87,actions
FN:89,(anonymous_6)
FN:90,(anonymous_7)
FN:94,mapProps
FNF:9
FNH:4
FNDA:1,(anonymous_0)
FNDA:1,(anonymous_1)
FNDA:1,(anonymous_2)
FNDA:0,(anonymous_3)
FNDA:1,(anonymous_4)
FNDA:0,actions
FNDA:0,(anonymous_6)
FNDA:0,(anonymous_7)
FNDA:0,mapProps
DA:26,1
DA:27,1
DA:31,1
DA:32,1
DA:33,0
DA:34,1
DA:35,0
DA:37,1
DA:42,1
DA:46,0
DA:47,0
DA:53,1
DA:54,1
DA:55,0
DA:56,0
DA:58,0
DA:60,1
DA:61,0
DA:64,1
DA:88,0
DA:89,0
DA:90,0
DA:95,0
LF:23
LH:11
BRDA:32,0,0,0
BRDA:32,0,1,1
BRDA:34,1,0,0
BRDA:34,1,1,1
BRDA:46,2,0,0
BRDA:46,2,1,0
BRDA:54,3,0,0
BRDA:54,3,1,1
BRDA:54,4,0,1
BRDA:54,4,1,0
BRDA:55,5,0,0
BRDA:55,5,1,0
BRDA:60,6,0,0
BRDA:60,6,1,1
BRDA:72,7,0,0
BRDA:72,7,1,1
BRDA:73,8,0,0
BRDA:73,8,1,1
BRF:18
BRH:7
end_of_record
TN:
SF:/Users/uliadutcak/Documents/IT/React-study/src/app/reducers/isLoading.js
FN:6,isLoading
FNF:1
FNH:1
FNDA:3,isLoading
DA:1,1
DA:7,3
DA:9,1
DA:13,1
DA:17,1
LF:5
LH:5
BRDA:6,0,0,0
BRDA:7,1,0,1
BRDA:7,1,1,1
BRDA:7,1,2,1
BRF:4
BRH:3
end_of_record
TN:
SF:/Users/uliadutcak/Documents/IT/React-study/src/app/reducers/movie.js
FN:3,movie
FNF:1
FNH:1
FNDA:2,movie
DA:1,1
DA:4,2
DA:6,1
DA:8,1
LF:4
LH:4
BRDA:3,0,0,0
BRDA:4,1,0,1
BRDA:4,1,1,1
BRF:3
BRH:2
end_of_record
TN:
SF:/Users/uliadutcak/Documents/IT/React-study/src/app/reducers/search.js
FN:3,search
FNF:1
FNH:1
FNDA:2,search
DA:1,1
DA:4,2
DA:6,1
DA:10,1
LF:4
LH:4
BRDA:3,0,0,0
BRDA:4,1,0,1
BRDA:4,1,1,1
BRF:3
BRH:2
end_of_record
TN:
SF:/Users/uliadutcak/Documents/IT/React-study/src/app/reducers/sort.js
FN:3,sort
FNF:1
FNH:1
FNDA:2,sort
DA:1,1
DA:4,2
DA:6,2
DA:8,0
LF:4
LH:3
BRDA:3,0,0,0
BRDA:4,1,0,2
BRDA:4,1,1,0
BRF:3
BRH:1
end_of_record
TN:
SF:/Users/uliadutcak/Documents/IT/React-study/src/app/resource/api.js
FN:6,status
FN:14,json
FN:18,getMovieById
FN:26,findMoviesByTitle
FN:34,findDirectorId
FN:40,(anonymous_5)
FN:45,findMoviesByDirectorName
FN:50,(anonymous_7)
FN:58,findMovieDirectorAndActors
FNF:9
FNH:0
FNDA:0,status
FNDA:0,json
FNDA:0,getMovieById
FNDA:0,findMoviesByTitle
FNDA:0,findDirectorId
FNDA:0,(anonymous_5)
FNDA:0,findMoviesByDirectorName
FNDA:0,(anonymous_7)
FNDA:0,findMovieDirectorAndActors
DA:3,4
DA:4,4
DA:7,0
DA:8,0
DA:10,0
DA:15,0
DA:19,0
DA:21,0
DA:27,0
DA:29,0
DA:35,0
DA:37,0
DA:41,0
DA:46,0
DA:48,0
DA:51,0
DA:52,0
DA:59,0
DA:61,0
LF:19
LH:2
BRDA:7,0,0,0
BRDA:7,0,1,0
BRDA:7,1,0,0
BRDA:7,1,1,0
BRF:4
BRH:0
end_of_record
TN:
SF:/Users/uliadutcak/Documents/IT/React-study/src/tests/jestsetup.js
FN:10,(anonymous_0)
FNF:1
FNH:0
FNDA:0,(anonymous_0)
DA:4,24
DA:6,24
DA:7,24
DA:8,24
DA:10,24
DA:11,0
LF:6
LH:5
BRF:0
BRH:0
end_of_record
